[ 2017-03-09T20:15:41+08:00 ] 127.0.0.1 /Newthink/
INFO: [ app_init ] --START--
INFO: Run Behavior\BuildLiteBehavior [ RunTime:0.000000s ]
INFO: [ app_init ] --END-- [ RunTime:0.044003s ]
INFO: [ app_begin ] --START--
INFO: Run Behavior\ReadHtmlCacheBehavior [ RunTime:0.023001s ]
INFO: [ app_begin ] --END-- [ RunTime:0.023001s ]
SQL: SHOW COLUMNS FROM `cat` [ RunTime:0.1370s ]
SQL: SELECT * FROM `cat`  [ RunTime:0.0250s ]
SQL: SHOW COLUMNS FROM `goods` [ RunTime:0.1700s ]
SQL: SELECT * FROM `goods` WHERE ( is_best=1 ) ORDER BY goods_id desc LIMIT 3   [ RunTime:0.0760s ]
SQL: SHOW COLUMNS FROM `goods` [ RunTime:0.0040s ]
SQL: SELECT * FROM `goods` WHERE ( is_hot=1 ) ORDER BY goods_id desc LIMIT 3   [ RunTime:0.0010s ]
SQL: SELECT * FROM `goods` WHERE ( is_new=1 ) ORDER BY goods_id desc LIMIT 3   [ RunTime:0.0020s ]
NOTIC: [2] array_reverse() expects parameter 1 to be array, null given C:\xampp\htdocs\NewThink\Home\Controller\IndexController.class.php 第 23 行.
SQL: SHOW COLUMNS FROM `comment` [ RunTime:0.0920s ]
SQL: SELECT * FROM `comment` ORDER BY comment_id desc LIMIT 3   [ RunTime:0.0010s ]
INFO: [ view_parse ] --START--
INFO: [ template_filter ] --START--
INFO: Run Behavior\ContentReplaceBehavior [ RunTime:0.000000s ]
INFO: [ template_filter ] --END-- [ RunTime:0.000000s ]
NOTIC: [8] Undefined index: username C:\xampp\htdocs\NewThink\Runtime\Cache\Home\18349e8d608bc9cc2cca45b6f7b40053.php 第 31 行.
INFO: Run Behavior\ParseTemplateBehavior [ RunTime:0.474027s ]
INFO: [ view_parse ] --END-- [ RunTime:0.474027s ]
INFO: [ view_filter ] --START--
INFO: Run Behavior\WriteHtmlCacheBehavior [ RunTime:0.039003s ]
INFO: [ view_filter ] --END-- [ RunTime:0.039003s ]
INFO: [ app_end ] --START--
INFO: Run Behavior\ShowPageTraceBehavior [ RunTime:0.294016s ]
INFO: [ app_end ] --END-- [ RunTime:0.294016s ]

[ 2017-03-09T20:15:57+08:00 ] 127.0.0.1 /Newthink/index.php/Home/Index/cat/cat_id/3.html
INFO: [ app_init ] --START--
INFO: Run Behavior\BuildLiteBehavior [ RunTime:0.000000s ]
INFO: [ app_init ] --END-- [ RunTime:0.001000s ]
INFO: [ app_begin ] --START--
INFO: Run Behavior\ReadHtmlCacheBehavior [ RunTime:0.002000s ]
INFO: [ app_begin ] --END-- [ RunTime:0.002000s ]
SQL: SHOW COLUMNS FROM `cat` [ RunTime:0.0030s ]
SQL: SELECT * FROM `cat`  [ RunTime:0.0000s ]
NOTIC: [2] array_reverse() expects parameter 1 to be array, null given C:\xampp\htdocs\NewThink\Home\Controller\IndexController.class.php 第 40 行.
SQL: SHOW COLUMNS FROM `goods` [ RunTime:0.0040s ]
SQL: SELECT COUNT(*) AS tp_count FROM `goods` WHERE `cat_id` = 3 LIMIT 1   [ RunTime:0.0120s ]
SQL: SELECT * FROM `goods` WHERE `cat_id` = 3 ORDER BY goods_id desc LIMIT 0,3   [ RunTime:0.0030s ]
INFO: [ view_parse ] --START--
INFO: [ template_filter ] --START--
INFO: Run Behavior\ContentReplaceBehavior [ RunTime:0.000000s ]
INFO: [ template_filter ] --END-- [ RunTime:0.000000s ]
NOTIC: [8] Undefined index: username C:\xampp\htdocs\NewThink\Runtime\Cache\Home\c0b5eb46d88cfe4c47d1051b1094eae5.php 第 31 行.
NOTIC: [8] Use of undefined constant goods_id - assumed 'goods_id' C:\xampp\htdocs\NewThink\Runtime\Cache\Home\c0b5eb46d88cfe4c47d1051b1094eae5.php 第 373 行.
NOTIC: [8] Use of undefined constant goods_id - assumed 'goods_id' C:\xampp\htdocs\NewThink\Runtime\Cache\Home\c0b5eb46d88cfe4c47d1051b1094eae5.php 第 373 行.
NOTIC: [8] Use of undefined constant goods_id - assumed 'goods_id' C:\xampp\htdocs\NewThink\Runtime\Cache\Home\c0b5eb46d88cfe4c47d1051b1094eae5.php 第 373 行.
INFO: Run Behavior\ParseTemplateBehavior [ RunTime:0.083005s ]
INFO: [ view_parse ] --END-- [ RunTime:0.084005s ]
INFO: [ view_filter ] --START--
INFO: Run Behavior\WriteHtmlCacheBehavior [ RunTime:0.002000s ]
INFO: [ view_filter ] --END-- [ RunTime:0.002000s ]
INFO: [ app_end ] --START--
INFO: Run Behavior\ShowPageTraceBehavior [ RunTime:0.003000s ]
INFO: [ app_end ] --END-- [ RunTime:0.003000s ]

[ 2017-03-09T20:15:57+08:00 ] 127.0.0.1 /Newthink/index.php/Home/Index/cat/cat_id/animated_favicon.gif
INFO: [ app_init ] --START--
INFO: Run Behavior\BuildLiteBehavior [ RunTime:0.000000s ]
INFO: [ app_init ] --END-- [ RunTime:0.001000s ]

[ 2017-03-09T20:15:57+08:00 ] 127.0.0.1 /Newthink/index.php/Home/Index/cat/cat_id/animated_favicon.gif
INFO: [ app_init ] --START--
INFO: Run Behavior\BuildLiteBehavior [ RunTime:0.000000s ]
INFO: [ app_init ] --END-- [ RunTime:0.001000s ]

[ 2017-03-09T20:15:59+08:00 ] 127.0.0.1 /Newthink/index.php/Home/Index/cat/cat_id/5.html
INFO: [ app_init ] --START--
INFO: Run Behavior\BuildLiteBehavior [ RunTime:0.000000s ]
INFO: [ app_init ] --END-- [ RunTime:0.001000s ]
INFO: [ app_begin ] --START--
INFO: Run Behavior\ReadHtmlCacheBehavior [ RunTime:0.002000s ]
INFO: [ app_begin ] --END-- [ RunTime:0.002000s ]
SQL: SHOW COLUMNS FROM `cat` [ RunTime:0.0030s ]
SQL: SELECT * FROM `cat`  [ RunTime:0.0010s ]
NOTIC: [2] array_reverse() expects parameter 1 to be array, null given C:\xampp\htdocs\NewThink\Home\Controller\IndexController.class.php 第 40 行.
SQL: SHOW COLUMNS FROM `goods` [ RunTime:0.0040s ]
SQL: SELECT COUNT(*) AS tp_count FROM `goods` WHERE `cat_id` = 5 LIMIT 1   [ RunTime:0.0010s ]
SQL: SELECT * FROM `goods` WHERE `cat_id` = 5 ORDER BY goods_id desc LIMIT 0,3   [ RunTime:0.0010s ]
INFO: [ view_parse ] --START--
INFO: [ template_filter ] --START--
INFO: Run Behavior\ContentReplaceBehavior [ RunTime:0.000000s ]
INFO: [ template_filter ] --END-- [ RunTime:0.001000s ]
NOTIC: [8] Undefined index: username C:\xampp\htdocs\NewThink\Runtime\Cache\Home\c0b5eb46d88cfe4c47d1051b1094eae5.php 第 31 行.
NOTIC: [8] Use of undefined constant goods_id - assumed 'goods_id' C:\xampp\htdocs\NewThink\Runtime\Cache\Home\c0b5eb46d88cfe4c47d1051b1094eae5.php 第 373 行.
NOTIC: [8] Use of undefined constant goods_id - assumed 'goods_id' C:\xampp\htdocs\NewThink\Runtime\Cache\Home\c0b5eb46d88cfe4c47d1051b1094eae5.php 第 373 行.
INFO: Run Behavior\ParseTemplateBehavior [ RunTime:0.033002s ]
INFO: [ view_parse ] --END-- [ RunTime:0.033002s ]
INFO: [ view_filter ] --START--
INFO: Run Behavior\WriteHtmlCacheBehavior [ RunTime:0.002000s ]
INFO: [ view_filter ] --END-- [ RunTime:0.002000s ]
INFO: [ app_end ] --START--
INFO: Run Behavior\ShowPageTraceBehavior [ RunTime:0.003000s ]
INFO: [ app_end ] --END-- [ RunTime:0.118007s ]

[ 2017-03-09T20:15:59+08:00 ] 127.0.0.1 /Newthink/index.php/Home/Index/cat/cat_id/favicon.ico
INFO: [ app_init ] --START--
INFO: Run Behavior\BuildLiteBehavior [ RunTime:0.000000s ]
INFO: [ app_init ] --END-- [ RunTime:0.003000s ]

[ 2017-03-09T20:16:01+08:00 ] 127.0.0.1 /Newthink/index.php/Home/Index/cat/cat_id/8.html
INFO: [ app_init ] --START--
INFO: Run Behavior\BuildLiteBehavior [ RunTime:0.000000s ]
INFO: [ app_init ] --END-- [ RunTime:0.001000s ]
INFO: [ app_begin ] --START--
INFO: Run Behavior\ReadHtmlCacheBehavior [ RunTime:0.002001s ]
INFO: [ app_begin ] --END-- [ RunTime:0.002001s ]
SQL: SHOW COLUMNS FROM `cat` [ RunTime:0.0040s ]
SQL: SELECT * FROM `cat`  [ RunTime:0.0010s ]
NOTIC: [2] array_reverse() expects parameter 1 to be array, null given C:\xampp\htdocs\NewThink\Home\Controller\IndexController.class.php 第 40 行.
SQL: SHOW COLUMNS FROM `goods` [ RunTime:0.0050s ]
SQL: SELECT COUNT(*) AS tp_count FROM `goods` WHERE `cat_id` = 8 LIMIT 1   [ RunTime:0.0010s ]
SQL: SELECT * FROM `goods` WHERE `cat_id` = 8 ORDER BY goods_id desc LIMIT 0,3   [ RunTime:0.0010s ]
INFO: [ view_parse ] --START--
INFO: [ template_filter ] --START--
INFO: Run Behavior\ContentReplaceBehavior [ RunTime:0.000000s ]
INFO: [ template_filter ] --END-- [ RunTime:0.000000s ]
NOTIC: [8] Undefined index: username C:\xampp\htdocs\NewThink\Runtime\Cache\Home\c0b5eb46d88cfe4c47d1051b1094eae5.php 第 31 行.
NOTIC: [8] Use of undefined constant goods_id - assumed 'goods_id' C:\xampp\htdocs\NewThink\Runtime\Cache\Home\c0b5eb46d88cfe4c47d1051b1094eae5.php 第 373 行.
NOTIC: [8] Use of undefined constant goods_id - assumed 'goods_id' C:\xampp\htdocs\NewThink\Runtime\Cache\Home\c0b5eb46d88cfe4c47d1051b1094eae5.php 第 373 行.
NOTIC: [8] Use of undefined constant goods_id - assumed 'goods_id' C:\xampp\htdocs\NewThink\Runtime\Cache\Home\c0b5eb46d88cfe4c47d1051b1094eae5.php 第 373 行.
INFO: Run Behavior\ParseTemplateBehavior [ RunTime:0.034002s ]
INFO: [ view_parse ] --END-- [ RunTime:0.034002s ]
INFO: [ view_filter ] --START--
INFO: Run Behavior\WriteHtmlCacheBehavior [ RunTime:0.002000s ]
INFO: [ view_filter ] --END-- [ RunTime:0.002000s ]
INFO: [ app_end ] --START--
INFO: Run Behavior\ShowPageTraceBehavior [ RunTime:0.003001s ]
INFO: [ app_end ] --END-- [ RunTime:0.003001s ]

[ 2017-03-09T20:16:03+08:00 ] 127.0.0.1 /Newthink/index.php/Home/User/message.html
INFO: [ app_init ] --START--
INFO: Run Behavior\BuildLiteBehavior [ RunTime:0.000000s ]
INFO: [ app_init ] --END-- [ RunTime:0.001000s ]
INFO: [ app_begin ] --START--
INFO: Run Behavior\ReadHtmlCacheBehavior [ RunTime:0.002000s ]
INFO: [ app_begin ] --END-- [ RunTime:0.002000s ]
SQL: SHOW COLUMNS FROM `user` [ RunTime:0.0730s ]
INFO: [ view_parse ] --START--
INFO: [ template_filter ] --START--
INFO: Run Behavior\ContentReplaceBehavior [ RunTime:0.000000s ]
INFO: [ template_filter ] --END-- [ RunTime:0.000000s ]
NOTIC: [8] Undefined index: username C:\xampp\htdocs\NewThink\Runtime\Cache\Home\426bcd82530c7b1cfa5c2abc7ccda73c.php 第 28 行.
INFO: Run Behavior\ParseTemplateBehavior [ RunTime:0.072004s ]
INFO: [ view_parse ] --END-- [ RunTime:0.072004s ]
INFO: [ view_filter ] --START--
INFO: Run Behavior\WriteHtmlCacheBehavior [ RunTime:0.002000s ]
INFO: [ view_filter ] --END-- [ RunTime:0.002000s ]
INFO: [ app_end ] --START--
INFO: Run Behavior\ShowPageTraceBehavior [ RunTime:0.002000s ]
INFO: [ app_end ] --END-- [ RunTime:0.003000s ]

[ 2017-03-09T20:16:03+08:00 ] 127.0.0.1 /Newthink/index.php/Home/User/animated_favicon.gif
INFO: [ app_init ] --START--
INFO: Run Behavior\BuildLiteBehavior [ RunTime:0.000000s ]
INFO: [ app_init ] --END-- [ RunTime:0.001000s ]

[ 2017-03-09T20:16:08+08:00 ] 127.0.0.1 /Newthink/index.php/Home/User/coll.html
INFO: [ app_init ] --START--
INFO: Run Behavior\BuildLiteBehavior [ RunTime:0.000000s ]
INFO: [ app_init ] --END-- [ RunTime:0.002000s ]
INFO: [ app_begin ] --START--
INFO: Run Behavior\ReadHtmlCacheBehavior [ RunTime:0.002000s ]
INFO: [ app_begin ] --END-- [ RunTime:0.002000s ]
SQL: SHOW COLUMNS FROM `user` [ RunTime:0.0040s ]
INFO: [ view_parse ] --START--
INFO: [ template_filter ] --START--
INFO: Run Behavior\ContentReplaceBehavior [ RunTime:0.000000s ]
INFO: [ template_filter ] --END-- [ RunTime:0.000000s ]
NOTIC: [8] Undefined index: username C:\xampp\htdocs\NewThink\Runtime\Cache\Home\79298b06a20d873f32c070664ca5d987.php 第 26 行.
INFO: Run Behavior\ParseTemplateBehavior [ RunTime:0.051003s ]
INFO: [ view_parse ] --END-- [ RunTime:0.051003s ]
INFO: [ view_filter ] --START--
INFO: Run Behavior\WriteHtmlCacheBehavior [ RunTime:0.002000s ]
INFO: [ view_filter ] --END-- [ RunTime:0.002000s ]
INFO: [ app_end ] --START--
INFO: Run Behavior\ShowPageTraceBehavior [ RunTime:0.003000s ]
INFO: [ app_end ] --END-- [ RunTime:0.003000s ]

[ 2017-03-09T20:16:08+08:00 ] 127.0.0.1 /Newthink/index.php/Home/User/favicon.ico
INFO: [ app_init ] --START--
INFO: Run Behavior\BuildLiteBehavior [ RunTime:0.000000s ]
INFO: [ app_init ] --END-- [ RunTime:0.002000s ]

[ 2017-03-09T20:16:08+08:00 ] 127.0.0.1 /Newthink/index.php/Home/User/favicon.ico
INFO: [ app_init ] --START--
INFO: Run Behavior\BuildLiteBehavior [ RunTime:0.000000s ]
INFO: [ app_init ] --END-- [ RunTime:0.001000s ]

[ 2017-03-09T20:16:12+08:00 ] 127.0.0.1 /Newthink/index.php/Home/User/message.html
INFO: [ app_init ] --START--
INFO: Run Behavior\BuildLiteBehavior [ RunTime:0.000000s ]
INFO: [ app_init ] --END-- [ RunTime:0.002000s ]
INFO: [ app_begin ] --START--
INFO: Run Behavior\ReadHtmlCacheBehavior [ RunTime:0.005001s ]
INFO: [ app_begin ] --END-- [ RunTime:0.005001s ]
SQL: SHOW COLUMNS FROM `user` [ RunTime:0.0050s ]
INFO: [ view_parse ] --START--
INFO: [ template_filter ] --START--
INFO: Run Behavior\ContentReplaceBehavior [ RunTime:0.001000s ]
INFO: [ template_filter ] --END-- [ RunTime:0.001000s ]
NOTIC: [8] Undefined index: username C:\xampp\htdocs\NewThink\Runtime\Cache\Home\426bcd82530c7b1cfa5c2abc7ccda73c.php 第 28 行.
INFO: Run Behavior\ParseTemplateBehavior [ RunTime:0.055003s ]
INFO: [ view_parse ] --END-- [ RunTime:0.055003s ]
INFO: [ view_filter ] --START--
INFO: Run Behavior\WriteHtmlCacheBehavior [ RunTime:0.005000s ]
INFO: [ view_filter ] --END-- [ RunTime:0.005000s ]
INFO: [ app_end ] --START--
INFO: Run Behavior\ShowPageTraceBehavior [ RunTime:0.004000s ]
INFO: [ app_end ] --END-- [ RunTime:0.005000s ]

[ 2017-03-09T20:16:14+08:00 ] 127.0.0.1 /Newthink/index.php/Home/User/orderlist.html
INFO: [ app_init ] --START--
INFO: Run Behavior\BuildLiteBehavior [ RunTime:0.000000s ]
INFO: [ app_init ] --END-- [ RunTime:0.001000s ]
INFO: [ app_begin ] --START--
INFO: Run Behavior\ReadHtmlCacheBehavior [ RunTime:0.002000s ]
INFO: [ app_begin ] --END-- [ RunTime:0.002000s ]
SQL: SHOW COLUMNS FROM `user` [ RunTime:0.0070s ]
NOTIC: [8] Undefined index: username C:\xampp\htdocs\NewThink\Home\Controller\UserController.class.php 第 110 行.
NOTIC: [8] Undefined index: user_id C:\xampp\htdocs\NewThink\Home\Controller\UserController.class.php 第 111 行.
NOTIC: D方法实例化没找到模型类Home\Model\OrdinfoModel
SQL: SHOW COLUMNS FROM `ordinfo` [ RunTime:0.0560s ]
SQL: SELECT * FROM `ordinfo` WHERE `user_id` = null  [ RunTime:0.0000s ]
INFO: [ view_parse ] --START--
INFO: [ template_filter ] --START--
INFO: Run Behavior\ContentReplaceBehavior [ RunTime:0.000000s ]
INFO: [ template_filter ] --END-- [ RunTime:0.001000s ]
NOTIC: [8] Undefined index: username C:\xampp\htdocs\NewThink\Runtime\Cache\Home\c269bbe80006445fcbb669c657a51b6d.php 第 28 行.
INFO: Run Behavior\ParseTemplateBehavior [ RunTime:0.050003s ]
INFO: [ view_parse ] --END-- [ RunTime:0.050003s ]
INFO: [ view_filter ] --START--
INFO: Run Behavior\WriteHtmlCacheBehavior [ RunTime:0.001000s ]
INFO: [ view_filter ] --END-- [ RunTime:0.001000s ]
INFO: [ app_end ] --START--
INFO: Run Behavior\ShowPageTraceBehavior [ RunTime:0.002000s ]
INFO: [ app_end ] --END-- [ RunTime:0.002000s ]

[ 2017-03-09T20:16:38+08:00 ] 127.0.0.1 /Newthink/index.php/Home/User/orderlist.html
INFO: [ app_init ] --START--
INFO: Run Behavior\BuildLiteBehavior [ RunTime:0.000000s ]
INFO: [ app_init ] --END-- [ RunTime:0.001000s ]
INFO: [ app_begin ] --START--
INFO: Run Behavior\ReadHtmlCacheBehavior [ RunTime:0.001000s ]
INFO: [ app_begin ] --END-- [ RunTime:0.001000s ]
SQL: SHOW COLUMNS FROM `user` [ RunTime:0.0220s ]
NOTIC: [8] Undefined index: username C:\xampp\htdocs\NewThink\Home\Controller\UserController.class.php 第 110 行.
NOTIC: [8] Undefined index: user_id C:\xampp\htdocs\NewThink\Home\Controller\UserController.class.php 第 111 行.
NOTIC: D方法实例化没找到模型类Home\Model\OrdinfoModel
SQL: SHOW COLUMNS FROM `ordinfo` [ RunTime:0.0080s ]
SQL: SELECT * FROM `ordinfo` WHERE `user_id` = null  [ RunTime:0.0000s ]
INFO: [ view_parse ] --START--
INFO: [ template_filter ] --START--
INFO: Run Behavior\ContentReplaceBehavior [ RunTime:0.000000s ]
INFO: [ template_filter ] --END-- [ RunTime:0.001000s ]
NOTIC: [8] Undefined index: username C:\xampp\htdocs\NewThink\Runtime\Cache\Home\c269bbe80006445fcbb669c657a51b6d.php 第 28 行.
INFO: Run Behavior\ParseTemplateBehavior [ RunTime:0.038002s ]
INFO: [ view_parse ] --END-- [ RunTime:0.038002s ]
INFO: [ view_filter ] --START--
INFO: Run Behavior\WriteHtmlCacheBehavior [ RunTime:0.001000s ]
INFO: [ view_filter ] --END-- [ RunTime:0.001000s ]
INFO: [ app_end ] --START--
INFO: Run Behavior\ShowPageTraceBehavior [ RunTime:0.002000s ]
INFO: [ app_end ] --END-- [ RunTime:0.002000s ]

[ 2017-03-09T20:16:39+08:00 ] 127.0.0.1 /Newthink/index.php/Home/User/orderlist.html
INFO: [ app_init ] --START--
INFO: Run Behavior\BuildLiteBehavior [ RunTime:0.000000s ]
INFO: [ app_init ] --END-- [ RunTime:0.001001s ]
INFO: [ app_begin ] --START--
INFO: Run Behavior\ReadHtmlCacheBehavior [ RunTime:0.002000s ]
INFO: [ app_begin ] --END-- [ RunTime:0.003000s ]
SQL: SHOW COLUMNS FROM `user` [ RunTime:0.0030s ]
NOTIC: [8] Undefined index: username C:\xampp\htdocs\NewThink\Home\Controller\UserController.class.php 第 110 行.
NOTIC: [8] Undefined index: user_id C:\xampp\htdocs\NewThink\Home\Controller\UserController.class.php 第 111 行.
NOTIC: D方法实例化没找到模型类Home\Model\OrdinfoModel
SQL: SHOW COLUMNS FROM `ordinfo` [ RunTime:0.0050s ]
SQL: SELECT * FROM `ordinfo` WHERE `user_id` = null  [ RunTime:0.0010s ]
INFO: [ view_parse ] --START--
INFO: [ template_filter ] --START--
INFO: Run Behavior\ContentReplaceBehavior [ RunTime:0.000000s ]
INFO: [ template_filter ] --END-- [ RunTime:0.000000s ]
NOTIC: [8] Undefined index: username C:\xampp\htdocs\NewThink\Runtime\Cache\Home\c269bbe80006445fcbb669c657a51b6d.php 第 28 行.
INFO: Run Behavior\ParseTemplateBehavior [ RunTime:0.019001s ]
INFO: [ view_parse ] --END-- [ RunTime:0.019001s ]
INFO: [ view_filter ] --START--
INFO: Run Behavior\WriteHtmlCacheBehavior [ RunTime:0.000000s ]
INFO: [ view_filter ] --END-- [ RunTime:0.000000s ]
INFO: [ app_end ] --START--
INFO: Run Behavior\ShowPageTraceBehavior [ RunTime:0.000000s ]
INFO: [ app_end ] --END-- [ RunTime:0.000000s ]

[ 2017-03-09T20:16:40+08:00 ] 127.0.0.1 /Newthink/index.php/Home/User/orderlist.html
INFO: [ app_init ] --START--
INFO: Run Behavior\BuildLiteBehavior [ RunTime:0.000000s ]
INFO: [ app_init ] --END-- [ RunTime:0.001000s ]
INFO: [ app_begin ] --START--
INFO: Run Behavior\ReadHtmlCacheBehavior [ RunTime:0.001000s ]
INFO: [ app_begin ] --END-- [ RunTime:0.001000s ]
SQL: SHOW COLUMNS FROM `user` [ RunTime:0.0300s ]
NOTIC: [8] Undefined index: username C:\xampp\htdocs\NewThink\Home\Controller\UserController.class.php 第 110 行.
NOTIC: [8] Undefined index: user_id C:\xampp\htdocs\NewThink\Home\Controller\UserController.class.php 第 111 行.
NOTIC: D方法实例化没找到模型类Home\Model\OrdinfoModel
SQL: SHOW COLUMNS FROM `ordinfo` [ RunTime:0.0040s ]
SQL: SELECT * FROM `ordinfo` WHERE `user_id` = null  [ RunTime:0.0010s ]
INFO: [ view_parse ] --START--
INFO: [ template_filter ] --START--
INFO: Run Behavior\ContentReplaceBehavior [ RunTime:0.000000s ]
INFO: [ template_filter ] --END-- [ RunTime:0.000000s ]
NOTIC: [8] Undefined index: username C:\xampp\htdocs\NewThink\Runtime\Cache\Home\c269bbe80006445fcbb669c657a51b6d.php 第 28 行.
INFO: Run Behavior\ParseTemplateBehavior [ RunTime:0.022001s ]
INFO: [ view_parse ] --END-- [ RunTime:0.022001s ]
INFO: [ view_filter ] --START--
INFO: Run Behavior\WriteHtmlCacheBehavior [ RunTime:0.001000s ]
INFO: [ view_filter ] --END-- [ RunTime:0.001000s ]
INFO: [ app_end ] --START--
INFO: Run Behavior\ShowPageTraceBehavior [ RunTime:0.001000s ]
INFO: [ app_end ] --END-- [ RunTime:0.001000s ]

[ 2017-03-09T20:16:42+08:00 ] 127.0.0.1 /Newthink/index.php/Home/User/orderlist.html
INFO: [ app_init ] --START--
INFO: Run Behavior\BuildLiteBehavior [ RunTime:0.000000s ]
INFO: [ app_init ] --END-- [ RunTime:0.001001s ]
INFO: [ app_begin ] --START--
INFO: Run Behavior\ReadHtmlCacheBehavior [ RunTime:0.001000s ]
INFO: [ app_begin ] --END-- [ RunTime:0.001000s ]
SQL: SHOW COLUMNS FROM `user` [ RunTime:0.0260s ]
NOTIC: [8] Undefined index: username C:\xampp\htdocs\NewThink\Home\Controller\UserController.class.php 第 110 行.
NOTIC: [8] Undefined index: user_id C:\xampp\htdocs\NewThink\Home\Controller\UserController.class.php 第 111 行.
NOTIC: D方法实例化没找到模型类Home\Model\OrdinfoModel
SQL: SHOW COLUMNS FROM `ordinfo` [ RunTime:0.0040s ]
SQL: SELECT * FROM `ordinfo` WHERE `user_id` = null  [ RunTime:0.0010s ]
INFO: [ view_parse ] --START--
INFO: [ template_filter ] --START--
INFO: Run Behavior\ContentReplaceBehavior [ RunTime:0.000000s ]
INFO: [ template_filter ] --END-- [ RunTime:0.000000s ]
NOTIC: [8] Undefined index: username C:\xampp\htdocs\NewThink\Runtime\Cache\Home\c269bbe80006445fcbb669c657a51b6d.php 第 28 行.
INFO: Run Behavior\ParseTemplateBehavior [ RunTime:0.020001s ]
INFO: [ view_parse ] --END-- [ RunTime:0.020001s ]
INFO: [ view_filter ] --START--
INFO: Run Behavior\WriteHtmlCacheBehavior [ RunTime:0.000000s ]
INFO: [ view_filter ] --END-- [ RunTime:0.000000s ]
INFO: [ app_end ] --START--
INFO: Run Behavior\ShowPageTraceBehavior [ RunTime:0.001001s ]
INFO: [ app_end ] --END-- [ RunTime:0.001001s ]

[ 2017-03-09T20:16:44+08:00 ] 127.0.0.1 /Newthink/index.php/Home/User/orderlist.html
INFO: [ app_init ] --START--
INFO: Run Behavior\BuildLiteBehavior [ RunTime:0.000000s ]
INFO: [ app_init ] --END-- [ RunTime:0.000000s ]
INFO: [ app_begin ] --START--
INFO: Run Behavior\ReadHtmlCacheBehavior [ RunTime:0.001000s ]
INFO: [ app_begin ] --END-- [ RunTime:0.001000s ]
SQL: SHOW COLUMNS FROM `user` [ RunTime:0.0050s ]
NOTIC: [8] Undefined index: username C:\xampp\htdocs\NewThink\Home\Controller\UserController.class.php 第 110 行.
NOTIC: [8] Undefined index: user_id C:\xampp\htdocs\NewThink\Home\Controller\UserController.class.php 第 111 行.
NOTIC: D方法实例化没找到模型类Home\Model\OrdinfoModel
SQL: SHOW COLUMNS FROM `ordinfo` [ RunTime:0.0040s ]
SQL: SELECT * FROM `ordinfo` WHERE `user_id` = null  [ RunTime:0.0000s ]
INFO: [ view_parse ] --START--
INFO: [ template_filter ] --START--
INFO: Run Behavior\ContentReplaceBehavior [ RunTime:0.000000s ]
INFO: [ template_filter ] --END-- [ RunTime:0.000000s ]
NOTIC: [8] Undefined index: username C:\xampp\htdocs\NewThink\Runtime\Cache\Home\c269bbe80006445fcbb669c657a51b6d.php 第 28 行.
INFO: Run Behavior\ParseTemplateBehavior [ RunTime:0.019001s ]
INFO: [ view_parse ] --END-- [ RunTime:0.019001s ]
INFO: [ view_filter ] --START--
INFO: Run Behavior\WriteHtmlCacheBehavior [ RunTime:0.000000s ]
INFO: [ view_filter ] --END-- [ RunTime:0.000000s ]
INFO: [ app_end ] --START--
INFO: Run Behavior\ShowPageTraceBehavior [ RunTime:0.001000s ]
INFO: [ app_end ] --END-- [ RunTime:0.001000s ]

[ 2017-03-09T20:16:45+08:00 ] 127.0.0.1 /Newthink/index.php/Home/User/orderlist.html
INFO: [ app_init ] --START--
INFO: Run Behavior\BuildLiteBehavior [ RunTime:0.000000s ]
INFO: [ app_init ] --END-- [ RunTime:0.001000s ]
INFO: [ app_begin ] --START--
INFO: Run Behavior\ReadHtmlCacheBehavior [ RunTime:0.001000s ]
INFO: [ app_begin ] --END-- [ RunTime:0.001000s ]
SQL: SHOW COLUMNS FROM `user` [ RunTime:0.0030s ]
NOTIC: [8] Undefined index: username C:\xampp\htdocs\NewThink\Home\Controller\UserController.class.php 第 110 行.
NOTIC: [8] Undefined index: user_id C:\xampp\htdocs\NewThink\Home\Controller\UserController.class.php 第 111 行.
NOTIC: D方法实例化没找到模型类Home\Model\OrdinfoModel
SQL: SHOW COLUMNS FROM `ordinfo` [ RunTime:0.0040s ]
SQL: SELECT * FROM `ordinfo` WHERE `user_id` = null  [ RunTime:0.0000s ]
INFO: [ view_parse ] --START--
INFO: [ template_filter ] --START--
INFO: Run Behavior\ContentReplaceBehavior [ RunTime:0.000000s ]
INFO: [ template_filter ] --END-- [ RunTime:0.000000s ]
NOTIC: [8] Undefined index: username C:\xampp\htdocs\NewThink\Runtime\Cache\Home\c269bbe80006445fcbb669c657a51b6d.php 第 28 行.
INFO: Run Behavior\ParseTemplateBehavior [ RunTime:0.021002s ]
INFO: [ view_parse ] --END-- [ RunTime:0.021002s ]
INFO: [ view_filter ] --START--
INFO: Run Behavior\WriteHtmlCacheBehavior [ RunTime:0.001000s ]
INFO: [ view_filter ] --END-- [ RunTime:0.001000s ]
INFO: [ app_end ] --START--
INFO: Run Behavior\ShowPageTraceBehavior [ RunTime:0.001000s ]
INFO: [ app_end ] --END-- [ RunTime:0.001000s ]

[ 2017-03-09T20:16:46+08:00 ] 127.0.0.1 /Newthink/index.php/Home/User/orderlist.html
INFO: [ app_init ] --START--
INFO: Run Behavior\BuildLiteBehavior [ RunTime:0.000000s ]
INFO: [ app_init ] --END-- [ RunTime:0.001000s ]
INFO: [ app_begin ] --START--
INFO: Run Behavior\ReadHtmlCacheBehavior [ RunTime:0.001000s ]
INFO: [ app_begin ] --END-- [ RunTime:0.001000s ]
SQL: SHOW COLUMNS FROM `user` [ RunTime:0.0030s ]
NOTIC: [8] Undefined index: username C:\xampp\htdocs\NewThink\Home\Controller\UserController.class.php 第 110 行.
NOTIC: [8] Undefined index: user_id C:\xampp\htdocs\NewThink\Home\Controller\UserController.class.php 第 111 行.
NOTIC: D方法实例化没找到模型类Home\Model\OrdinfoModel
SQL: SHOW COLUMNS FROM `ordinfo` [ RunTime:0.0030s ]
SQL: SELECT * FROM `ordinfo` WHERE `user_id` = null  [ RunTime:0.0000s ]
INFO: [ view_parse ] --START--
INFO: [ template_filter ] --START--
INFO: Run Behavior\ContentReplaceBehavior [ RunTime:0.000000s ]
INFO: [ template_filter ] --END-- [ RunTime:0.000000s ]
NOTIC: [8] Undefined index: username C:\xampp\htdocs\NewThink\Runtime\Cache\Home\c269bbe80006445fcbb669c657a51b6d.php 第 28 行.
INFO: Run Behavior\ParseTemplateBehavior [ RunTime:0.023002s ]
INFO: [ view_parse ] --END-- [ RunTime:0.023002s ]
INFO: [ view_filter ] --START--
INFO: Run Behavior\WriteHtmlCacheBehavior [ RunTime:0.000000s ]
INFO: [ view_filter ] --END-- [ RunTime:0.001000s ]
INFO: [ app_end ] --START--
INFO: Run Behavior\ShowPageTraceBehavior [ RunTime:0.001000s ]
INFO: [ app_end ] --END-- [ RunTime:0.001000s ]

[ 2017-03-09T20:44:31+08:00 ] 127.0.0.1 /Newthink/index.php/Home/User/orderlist.html
INFO: [ app_init ] --START--
INFO: Run Behavior\BuildLiteBehavior [ RunTime:0.000000s ]
INFO: [ app_init ] --END-- [ RunTime:0.003000s ]
INFO: [ app_begin ] --START--
INFO: Run Behavior\ReadHtmlCacheBehavior [ RunTime:0.002000s ]
INFO: [ app_begin ] --END-- [ RunTime:0.002000s ]
SQL: SHOW COLUMNS FROM `user` [ RunTime:0.0050s ]
NOTIC: [8] Undefined index: username C:\xampp\htdocs\NewThink\Home\Controller\UserController.class.php 第 110 行.
NOTIC: [8] Undefined index: user_id C:\xampp\htdocs\NewThink\Home\Controller\UserController.class.php 第 111 行.
NOTIC: D方法实例化没找到模型类Home\Model\OrdinfoModel
SQL: SHOW COLUMNS FROM `ordinfo` [ RunTime:0.0050s ]
SQL: SELECT * FROM `ordinfo` WHERE `user_id` = null  [ RunTime:0.0020s ]
INFO: [ view_parse ] --START--
INFO: [ template_filter ] --START--
INFO: Run Behavior\ContentReplaceBehavior [ RunTime:0.000000s ]
INFO: [ template_filter ] --END-- [ RunTime:0.000000s ]
NOTIC: [8] Undefined index: username C:\xampp\htdocs\NewThink\Runtime\Cache\Home\c269bbe80006445fcbb669c657a51b6d.php 第 28 行.
INFO: Run Behavior\ParseTemplateBehavior [ RunTime:0.029002s ]
INFO: [ view_parse ] --END-- [ RunTime:0.029002s ]
INFO: [ view_filter ] --START--
INFO: Run Behavior\WriteHtmlCacheBehavior [ RunTime:0.000000s ]
INFO: [ view_filter ] --END-- [ RunTime:0.001000s ]
INFO: [ app_end ] --START--
INFO: Run Behavior\ShowPageTraceBehavior [ RunTime:0.001000s ]
INFO: [ app_end ] --END-- [ RunTime:0.002000s ]

[ 2017-03-09T20:44:33+08:00 ] 127.0.0.1 /Newthink/index.php/Home/User/orderlist.html
INFO: [ app_init ] --START--
INFO: Run Behavior\BuildLiteBehavior [ RunTime:0.000000s ]
INFO: [ app_init ] --END-- [ RunTime:0.001000s ]
INFO: [ app_begin ] --START--
INFO: Run Behavior\ReadHtmlCacheBehavior [ RunTime:0.001000s ]
INFO: [ app_begin ] --END-- [ RunTime:0.001000s ]
SQL: SHOW COLUMNS FROM `user` [ RunTime:0.0070s ]
NOTIC: [8] Undefined index: username C:\xampp\htdocs\NewThink\Home\Controller\UserController.class.php 第 110 行.
NOTIC: [8] Undefined index: user_id C:\xampp\htdocs\NewThink\Home\Controller\UserController.class.php 第 111 行.
NOTIC: D方法实例化没找到模型类Home\Model\OrdinfoModel
SQL: SHOW COLUMNS FROM `ordinfo` [ RunTime:0.0040s ]
SQL: SELECT * FROM `ordinfo` WHERE `user_id` = null  [ RunTime:0.0000s ]
INFO: [ view_parse ] --START--
INFO: [ template_filter ] --START--
INFO: Run Behavior\ContentReplaceBehavior [ RunTime:0.000000s ]
INFO: [ template_filter ] --END-- [ RunTime:0.001000s ]
NOTIC: [8] Undefined index: username C:\xampp\htdocs\NewThink\Runtime\Cache\Home\c269bbe80006445fcbb669c657a51b6d.php 第 28 行.
INFO: Run Behavior\ParseTemplateBehavior [ RunTime:0.029001s ]
INFO: [ view_parse ] --END-- [ RunTime:0.029001s ]
INFO: [ view_filter ] --START--
INFO: Run Behavior\WriteHtmlCacheBehavior [ RunTime:0.000000s ]
INFO: [ view_filter ] --END-- [ RunTime:0.001001s ]
INFO: [ app_end ] --START--
INFO: Run Behavior\ShowPageTraceBehavior [ RunTime:0.001001s ]
INFO: [ app_end ] --END-- [ RunTime:0.001001s ]

[ 2017-03-09T20:44:34+08:00 ] 127.0.0.1 /Newthink/index.php/Home/User/orderlist.html
INFO: [ app_init ] --START--
INFO: Run Behavior\BuildLiteBehavior [ RunTime:0.000000s ]
INFO: [ app_init ] --END-- [ RunTime:0.001000s ]
INFO: [ app_begin ] --START--
INFO: Run Behavior\ReadHtmlCacheBehavior [ RunTime:0.001000s ]
INFO: [ app_begin ] --END-- [ RunTime:0.001000s ]
SQL: SHOW COLUMNS FROM `user` [ RunTime:0.0050s ]
NOTIC: [8] Undefined index: username C:\xampp\htdocs\NewThink\Home\Controller\UserController.class.php 第 110 行.
NOTIC: [8] Undefined index: user_id C:\xampp\htdocs\NewThink\Home\Controller\UserController.class.php 第 111 行.
NOTIC: D方法实例化没找到模型类Home\Model\OrdinfoModel
SQL: SHOW COLUMNS FROM `ordinfo` [ RunTime:0.0050s ]
SQL: SELECT * FROM `ordinfo` WHERE `user_id` = null  [ RunTime:0.0010s ]
INFO: [ view_parse ] --START--
INFO: [ template_filter ] --START--
INFO: Run Behavior\ContentReplaceBehavior [ RunTime:0.000000s ]
INFO: [ template_filter ] --END-- [ RunTime:0.001000s ]
NOTIC: [8] Undefined index: username C:\xampp\htdocs\NewThink\Runtime\Cache\Home\c269bbe80006445fcbb669c657a51b6d.php 第 28 行.
INFO: Run Behavior\ParseTemplateBehavior [ RunTime:0.032001s ]
INFO: [ view_parse ] --END-- [ RunTime:0.032001s ]
INFO: [ view_filter ] --START--
INFO: Run Behavior\WriteHtmlCacheBehavior [ RunTime:0.001000s ]
INFO: [ view_filter ] --END-- [ RunTime:0.001000s ]
INFO: [ app_end ] --START--
INFO: Run Behavior\ShowPageTraceBehavior [ RunTime:0.001000s ]
INFO: [ app_end ] --END-- [ RunTime:0.001000s ]

[ 2017-03-09T20:44:37+08:00 ] 127.0.0.1 /Newthink/index.php/Home/User/orderlist.html
INFO: [ app_init ] --START--
INFO: Run Behavior\BuildLiteBehavior [ RunTime:0.000000s ]
INFO: [ app_init ] --END-- [ RunTime:0.003000s ]
INFO: [ app_begin ] --START--
INFO: Run Behavior\ReadHtmlCacheBehavior [ RunTime:0.001001s ]
INFO: [ app_begin ] --END-- [ RunTime:0.001001s ]
SQL: SHOW COLUMNS FROM `user` [ RunTime:0.0050s ]
NOTIC: [8] Undefined index: username C:\xampp\htdocs\NewThink\Home\Controller\UserController.class.php 第 110 行.
NOTIC: [8] Undefined index: user_id C:\xampp\htdocs\NewThink\Home\Controller\UserController.class.php 第 111 行.
NOTIC: D方法实例化没找到模型类Home\Model\OrdinfoModel
SQL: SHOW COLUMNS FROM `ordinfo` [ RunTime:0.0050s ]
SQL: SELECT * FROM `ordinfo` WHERE `user_id` = null  [ RunTime:0.0010s ]
INFO: [ view_parse ] --START--
INFO: [ template_filter ] --START--
INFO: Run Behavior\ContentReplaceBehavior [ RunTime:0.000000s ]
INFO: [ template_filter ] --END-- [ RunTime:0.000000s ]
NOTIC: [8] Undefined index: username C:\xampp\htdocs\NewThink\Runtime\Cache\Home\c269bbe80006445fcbb669c657a51b6d.php 第 28 行.
INFO: Run Behavior\ParseTemplateBehavior [ RunTime:0.027001s ]
INFO: [ view_parse ] --END-- [ RunTime:0.027001s ]
INFO: [ view_filter ] --START--
INFO: Run Behavior\WriteHtmlCacheBehavior [ RunTime:0.001000s ]
INFO: [ view_filter ] --END-- [ RunTime:0.001000s ]
INFO: [ app_end ] --START--
INFO: Run Behavior\ShowPageTraceBehavior [ RunTime:0.002001s ]
INFO: [ app_end ] --END-- [ RunTime:0.002001s ]

[ 2017-03-09T20:44:38+08:00 ] 127.0.0.1 /Newthink/index.php/Home/User/orderlist.html
INFO: [ app_init ] --START--
INFO: Run Behavior\BuildLiteBehavior [ RunTime:0.000000s ]
INFO: [ app_init ] --END-- [ RunTime:0.001000s ]
INFO: [ app_begin ] --START--
INFO: Run Behavior\ReadHtmlCacheBehavior [ RunTime:0.001000s ]
INFO: [ app_begin ] --END-- [ RunTime:0.001000s ]
SQL: SHOW COLUMNS FROM `user` [ RunTime:0.0050s ]
NOTIC: [8] Undefined index: username C:\xampp\htdocs\NewThink\Home\Controller\UserController.class.php 第 110 行.
NOTIC: [8] Undefined index: user_id C:\xampp\htdocs\NewThink\Home\Controller\UserController.class.php 第 111 行.
NOTIC: D方法实例化没找到模型类Home\Model\OrdinfoModel
SQL: SHOW COLUMNS FROM `ordinfo` [ RunTime:0.0060s ]
SQL: SELECT * FROM `ordinfo` WHERE `user_id` = null  [ RunTime:0.0000s ]
INFO: [ view_parse ] --START--
INFO: [ template_filter ] --START--
INFO: Run Behavior\ContentReplaceBehavior [ RunTime:0.001000s ]
INFO: [ template_filter ] --END-- [ RunTime:0.001000s ]
NOTIC: [8] Undefined index: username C:\xampp\htdocs\NewThink\Runtime\Cache\Home\c269bbe80006445fcbb669c657a51b6d.php 第 28 行.
INFO: Run Behavior\ParseTemplateBehavior [ RunTime:0.130007s ]
INFO: [ view_parse ] --END-- [ RunTime:0.130007s ]
INFO: [ view_filter ] --START--
INFO: Run Behavior\WriteHtmlCacheBehavior [ RunTime:0.001001s ]
INFO: [ view_filter ] --END-- [ RunTime:0.001001s ]
INFO: [ app_end ] --START--
INFO: Run Behavior\ShowPageTraceBehavior [ RunTime:0.001000s ]
INFO: [ app_end ] --END-- [ RunTime:0.001000s ]

[ 2017-03-09T20:44:38+08:00 ] 127.0.0.1 /Newthink/index.php/Home/User/orderlist.html
INFO: [ app_init ] --START--
INFO: Run Behavior\BuildLiteBehavior [ RunTime:0.000000s ]
INFO: [ app_init ] --END-- [ RunTime:0.001000s ]
INFO: [ app_begin ] --START--
INFO: Run Behavior\ReadHtmlCacheBehavior [ RunTime:0.001000s ]
INFO: [ app_begin ] --END-- [ RunTime:0.001000s ]
SQL: SHOW COLUMNS FROM `user` [ RunTime:0.0050s ]
NOTIC: [8] Undefined index: username C:\xampp\htdocs\NewThink\Home\Controller\UserController.class.php 第 110 行.
NOTIC: [8] Undefined index: user_id C:\xampp\htdocs\NewThink\Home\Controller\UserController.class.php 第 111 行.
NOTIC: D方法实例化没找到模型类Home\Model\OrdinfoModel
SQL: SHOW COLUMNS FROM `ordinfo` [ RunTime:0.0040s ]
SQL: SELECT * FROM `ordinfo` WHERE `user_id` = null  [ RunTime:0.0000s ]
INFO: [ view_parse ] --START--
INFO: [ template_filter ] --START--
INFO: Run Behavior\ContentReplaceBehavior [ RunTime:0.000000s ]
INFO: [ template_filter ] --END-- [ RunTime:0.000000s ]
NOTIC: [8] Undefined index: username C:\xampp\htdocs\NewThink\Runtime\Cache\Home\c269bbe80006445fcbb669c657a51b6d.php 第 28 行.
INFO: Run Behavior\ParseTemplateBehavior [ RunTime:0.034002s ]
INFO: [ view_parse ] --END-- [ RunTime:0.034002s ]
INFO: [ view_filter ] --START--
INFO: Run Behavior\WriteHtmlCacheBehavior [ RunTime:0.001000s ]
INFO: [ view_filter ] --END-- [ RunTime:0.001000s ]
INFO: [ app_end ] --START--
INFO: Run Behavior\ShowPageTraceBehavior [ RunTime:0.001000s ]
INFO: [ app_end ] --END-- [ RunTime:0.002000s ]

[ 2017-03-09T20:44:38+08:00 ] 127.0.0.1 /Newthink/index.php/Home/User/orderlist.html
INFO: [ app_init ] --START--
INFO: Run Behavior\BuildLiteBehavior [ RunTime:0.000000s ]
INFO: [ app_init ] --END-- [ RunTime:0.000000s ]
INFO: [ app_begin ] --START--
INFO: Run Behavior\ReadHtmlCacheBehavior [ RunTime:0.001000s ]
INFO: [ app_begin ] --END-- [ RunTime:0.001000s ]
SQL: SHOW COLUMNS FROM `user` [ RunTime:0.0050s ]
NOTIC: [8] Undefined index: username C:\xampp\htdocs\NewThink\Home\Controller\UserController.class.php 第 110 行.
NOTIC: [8] Undefined index: user_id C:\xampp\htdocs\NewThink\Home\Controller\UserController.class.php 第 111 行.
NOTIC: D方法实例化没找到模型类Home\Model\OrdinfoModel
SQL: SHOW COLUMNS FROM `ordinfo` [ RunTime:0.0050s ]
SQL: SELECT * FROM `ordinfo` WHERE `user_id` = null  [ RunTime:0.0010s ]
INFO: [ view_parse ] --START--
INFO: [ template_filter ] --START--
INFO: Run Behavior\ContentReplaceBehavior [ RunTime:0.001000s ]
INFO: [ template_filter ] --END-- [ RunTime:0.001000s ]
NOTIC: [8] Undefined index: username C:\xampp\htdocs\NewThink\Runtime\Cache\Home\c269bbe80006445fcbb669c657a51b6d.php 第 28 行.
INFO: Run Behavior\ParseTemplateBehavior [ RunTime:0.030001s ]
INFO: [ view_parse ] --END-- [ RunTime:0.030001s ]
INFO: [ view_filter ] --START--
INFO: Run Behavior\WriteHtmlCacheBehavior [ RunTime:0.001000s ]
INFO: [ view_filter ] --END-- [ RunTime:0.001000s ]
INFO: [ app_end ] --START--
INFO: Run Behavior\ShowPageTraceBehavior [ RunTime:0.001001s ]
INFO: [ app_end ] --END-- [ RunTime:0.001001s ]

[ 2017-03-09T20:44:40+08:00 ] 127.0.0.1 /Newthink/index.php/Home/User/message.html
INFO: [ app_init ] --START--
INFO: Run Behavior\BuildLiteBehavior [ RunTime:0.000000s ]
INFO: [ app_init ] --END-- [ RunTime:0.000000s ]
INFO: [ app_begin ] --START--
INFO: Run Behavior\ReadHtmlCacheBehavior [ RunTime:0.000000s ]
INFO: [ app_begin ] --END-- [ RunTime:0.000000s ]
SQL: SHOW COLUMNS FROM `user` [ RunTime:0.0040s ]
INFO: [ view_parse ] --START--
INFO: [ template_filter ] --START--
INFO: Run Behavior\ContentReplaceBehavior [ RunTime:0.000000s ]
INFO: [ template_filter ] --END-- [ RunTime:0.000000s ]
NOTIC: [8] Undefined index: username C:\xampp\htdocs\NewThink\Runtime\Cache\Home\426bcd82530c7b1cfa5c2abc7ccda73c.php 第 28 行.
INFO: Run Behavior\ParseTemplateBehavior [ RunTime:0.022001s ]
INFO: [ view_parse ] --END-- [ RunTime:0.022001s ]
INFO: [ view_filter ] --START--
INFO: Run Behavior\WriteHtmlCacheBehavior [ RunTime:0.000000s ]
INFO: [ view_filter ] --END-- [ RunTime:0.000000s ]
INFO: [ app_end ] --START--
INFO: Run Behavior\ShowPageTraceBehavior [ RunTime:0.002000s ]
INFO: [ app_end ] --END-- [ RunTime:0.002000s ]

[ 2017-03-09T20:44:42+08:00 ] 127.0.0.1 /Newthink/index.php/Home/User/coll.html
INFO: [ app_init ] --START--
INFO: Run Behavior\BuildLiteBehavior [ RunTime:0.000000s ]
INFO: [ app_init ] --END-- [ RunTime:0.001000s ]
INFO: [ app_begin ] --START--
INFO: Run Behavior\ReadHtmlCacheBehavior [ RunTime:0.001000s ]
INFO: [ app_begin ] --END-- [ RunTime:0.001000s ]
SQL: SHOW COLUMNS FROM `user` [ RunTime:0.0040s ]
INFO: [ view_parse ] --START--
INFO: [ template_filter ] --START--
INFO: Run Behavior\ContentReplaceBehavior [ RunTime:0.000000s ]
INFO: [ template_filter ] --END-- [ RunTime:0.000000s ]
NOTIC: [8] Undefined index: username C:\xampp\htdocs\NewThink\Runtime\Cache\Home\79298b06a20d873f32c070664ca5d987.php 第 26 行.
INFO: Run Behavior\ParseTemplateBehavior [ RunTime:0.021001s ]
INFO: [ view_parse ] --END-- [ RunTime:0.021001s ]
INFO: [ view_filter ] --START--
INFO: Run Behavior\WriteHtmlCacheBehavior [ RunTime:0.001000s ]
INFO: [ view_filter ] --END-- [ RunTime:0.001000s ]
INFO: [ app_end ] --START--
INFO: Run Behavior\ShowPageTraceBehavior [ RunTime:0.001000s ]
INFO: [ app_end ] --END-- [ RunTime:0.001000s ]

[ 2017-03-09T20:44:44+08:00 ] 127.0.0.1 /Newthink/index.php/Home/User/orderlist.html
INFO: [ app_init ] --START--
INFO: Run Behavior\BuildLiteBehavior [ RunTime:0.000000s ]
INFO: [ app_init ] --END-- [ RunTime:0.001000s ]
INFO: [ app_begin ] --START--
INFO: Run Behavior\ReadHtmlCacheBehavior [ RunTime:0.001000s ]
INFO: [ app_begin ] --END-- [ RunTime:0.001000s ]
SQL: SHOW COLUMNS FROM `user` [ RunTime:0.0040s ]
NOTIC: [8] Undefined index: username C:\xampp\htdocs\NewThink\Home\Controller\UserController.class.php 第 110 行.
NOTIC: [8] Undefined index: user_id C:\xampp\htdocs\NewThink\Home\Controller\UserController.class.php 第 111 行.
NOTIC: D方法实例化没找到模型类Home\Model\OrdinfoModel
SQL: SHOW COLUMNS FROM `ordinfo` [ RunTime:0.0030s ]
SQL: SELECT * FROM `ordinfo` WHERE `user_id` = null  [ RunTime:0.0000s ]
INFO: [ view_parse ] --START--
INFO: [ template_filter ] --START--
INFO: Run Behavior\ContentReplaceBehavior [ RunTime:0.000000s ]
INFO: [ template_filter ] --END-- [ RunTime:0.000000s ]
NOTIC: [8] Undefined index: username C:\xampp\htdocs\NewThink\Runtime\Cache\Home\c269bbe80006445fcbb669c657a51b6d.php 第 28 行.
INFO: Run Behavior\ParseTemplateBehavior [ RunTime:0.023001s ]
INFO: [ view_parse ] --END-- [ RunTime:0.023001s ]
INFO: [ view_filter ] --START--
INFO: Run Behavior\WriteHtmlCacheBehavior [ RunTime:0.001000s ]
INFO: [ view_filter ] --END-- [ RunTime:0.001000s ]
INFO: [ app_end ] --START--
INFO: Run Behavior\ShowPageTraceBehavior [ RunTime:0.001001s ]
INFO: [ app_end ] --END-- [ RunTime:0.001001s ]

[ 2017-03-09T20:44:46+08:00 ] 127.0.0.1 /Newthink/index.php/Home/user/login.html
INFO: [ app_init ] --START--
INFO: Run Behavior\BuildLiteBehavior [ RunTime:0.000000s ]
INFO: [ app_init ] --END-- [ RunTime:0.001000s ]
INFO: [ app_begin ] --START--
INFO: Run Behavior\ReadHtmlCacheBehavior [ RunTime:0.001000s ]
INFO: [ app_begin ] --END-- [ RunTime:0.001000s ]
SQL: SHOW COLUMNS FROM `user` [ RunTime:0.0040s ]
INFO: [ view_parse ] --START--
INFO: [ template_filter ] --START--
INFO: Run Behavior\ContentReplaceBehavior [ RunTime:0.000000s ]
INFO: [ template_filter ] --END-- [ RunTime:0.000000s ]
NOTIC: [8] Undefined index: username C:\xampp\htdocs\NewThink\Runtime\Cache\Home\e7681a1121778259e798367b521f9cb5.php 第 26 行.
INFO: Run Behavior\ParseTemplateBehavior [ RunTime:0.044002s ]
INFO: [ view_parse ] --END-- [ RunTime:0.044002s ]
INFO: [ view_filter ] --START--
INFO: Run Behavior\WriteHtmlCacheBehavior [ RunTime:0.000000s ]
INFO: [ view_filter ] --END-- [ RunTime:0.000000s ]
SQL: SELECT * FROM `user` WHERE `username` = '' LIMIT 1   [ RunTime:0.0030s ]

[ 2017-03-09T20:44:46+08:00 ] 127.0.0.1 /Newthink/index.php/Home/user/animated_favicon.gif
INFO: [ app_init ] --START--
INFO: Run Behavior\BuildLiteBehavior [ RunTime:0.000000s ]
INFO: [ app_init ] --END-- [ RunTime:0.001000s ]

[ 2017-03-09T20:44:46+08:00 ] 127.0.0.1 /Newthink/index.php/Home/User/vcode.html
INFO: [ app_init ] --START--
INFO: Run Behavior\BuildLiteBehavior [ RunTime:0.000000s ]
INFO: [ app_init ] --END-- [ RunTime:0.000000s ]
INFO: [ app_begin ] --START--
INFO: Run Behavior\ReadHtmlCacheBehavior [ RunTime:0.000000s ]
INFO: [ app_begin ] --END-- [ RunTime:0.000000s ]
SQL: SHOW COLUMNS FROM `user` [ RunTime:0.0050s ]
INFO: [ app_end ] --START--
INFO: Run Behavior\ShowPageTraceBehavior [ RunTime:0.001000s ]
INFO: [ app_end ] --END-- [ RunTime:0.001000s ]

[ 2017-03-09T20:44:55+08:00 ] 127.0.0.1 /Newthink/index.php/Home/User/login.html
INFO: [ app_init ] --START--
INFO: Run Behavior\BuildLiteBehavior [ RunTime:0.000000s ]
INFO: [ app_init ] --END-- [ RunTime:0.001000s ]
INFO: [ app_begin ] --START--
INFO: Run Behavior\ReadHtmlCacheBehavior [ RunTime:0.000000s ]
INFO: [ app_begin ] --END-- [ RunTime:0.001000s ]
SQL: SHOW COLUMNS FROM `user` [ RunTime:0.0040s ]
SQL: SELECT * FROM `user` WHERE `username` = 'test1' LIMIT 1   [ RunTime:0.0130s ]

[ 2017-03-09T20:44:55+08:00 ] 127.0.0.1 /Newthink/index.php/
INFO: [ app_init ] --START--
INFO: Run Behavior\BuildLiteBehavior [ RunTime:0.000000s ]
INFO: [ app_init ] --END-- [ RunTime:0.001000s ]
INFO: [ app_begin ] --START--
INFO: Run Behavior\ReadHtmlCacheBehavior [ RunTime:0.001000s ]
INFO: [ app_begin ] --END-- [ RunTime:0.001000s ]
SQL: SHOW COLUMNS FROM `cat` [ RunTime:0.0060s ]
SQL: SELECT * FROM `cat`  [ RunTime:0.0010s ]
SQL: SHOW COLUMNS FROM `goods` [ RunTime:0.0040s ]
SQL: SELECT * FROM `goods` WHERE ( is_best=1 ) ORDER BY goods_id desc LIMIT 3   [ RunTime:0.0010s ]
SQL: SHOW COLUMNS FROM `goods` [ RunTime:0.0050s ]
SQL: SELECT * FROM `goods` WHERE ( is_hot=1 ) ORDER BY goods_id desc LIMIT 3   [ RunTime:0.0010s ]
SQL: SELECT * FROM `goods` WHERE ( is_new=1 ) ORDER BY goods_id desc LIMIT 3   [ RunTime:0.0010s ]
NOTIC: [2] array_reverse() expects parameter 1 to be array, null given C:\xampp\htdocs\NewThink\Home\Controller\IndexController.class.php 第 23 行.
SQL: SHOW COLUMNS FROM `comment` [ RunTime:0.0040s ]
SQL: SELECT * FROM `comment` ORDER BY comment_id desc LIMIT 3   [ RunTime:0.0010s ]
INFO: [ view_parse ] --START--
INFO: [ template_filter ] --START--
INFO: Run Behavior\ContentReplaceBehavior [ RunTime:0.001000s ]
INFO: [ template_filter ] --END-- [ RunTime:0.001000s ]
INFO: Run Behavior\ParseTemplateBehavior [ RunTime:0.039002s ]
INFO: [ view_parse ] --END-- [ RunTime:0.039002s ]
INFO: [ view_filter ] --START--
INFO: Run Behavior\WriteHtmlCacheBehavior [ RunTime:0.000000s ]
INFO: [ view_filter ] --END-- [ RunTime:0.000000s ]
INFO: [ app_end ] --START--
INFO: Run Behavior\ShowPageTraceBehavior [ RunTime:0.001000s ]
INFO: [ app_end ] --END-- [ RunTime:0.001000s ]

[ 2017-03-09T20:44:58+08:00 ] 127.0.0.1 /Newthink/index.php/Home/User/message.html
INFO: [ app_init ] --START--
INFO: Run Behavior\BuildLiteBehavior [ RunTime:0.000000s ]
INFO: [ app_init ] --END-- [ RunTime:0.001000s ]
INFO: [ app_begin ] --START--
INFO: Run Behavior\ReadHtmlCacheBehavior [ RunTime:0.001000s ]
INFO: [ app_begin ] --END-- [ RunTime:0.001000s ]
SQL: SHOW COLUMNS FROM `user` [ RunTime:0.0040s ]
INFO: [ view_parse ] --START--
INFO: [ template_filter ] --START--
INFO: Run Behavior\ContentReplaceBehavior [ RunTime:0.000000s ]
INFO: [ template_filter ] --END-- [ RunTime:0.000000s ]
INFO: Run Behavior\ParseTemplateBehavior [ RunTime:0.021001s ]
INFO: [ view_parse ] --END-- [ RunTime:0.021001s ]
INFO: [ view_filter ] --START--
INFO: Run Behavior\WriteHtmlCacheBehavior [ RunTime:0.000000s ]
INFO: [ view_filter ] --END-- [ RunTime:0.000000s ]
INFO: [ app_end ] --START--
INFO: Run Behavior\ShowPageTraceBehavior [ RunTime:0.001000s ]
INFO: [ app_end ] --END-- [ RunTime:0.001000s ]

[ 2017-03-09T20:45:00+08:00 ] 127.0.0.1 /Newthink/index.php/Home/User/orderlist.html
INFO: [ app_init ] --START--
INFO: Run Behavior\BuildLiteBehavior [ RunTime:0.001000s ]
INFO: [ app_init ] --END-- [ RunTime:0.002000s ]
INFO: [ app_begin ] --START--
INFO: Run Behavior\ReadHtmlCacheBehavior [ RunTime:0.001000s ]
INFO: [ app_begin ] --END-- [ RunTime:0.001000s ]
SQL: SHOW COLUMNS FROM `user` [ RunTime:0.0040s ]
NOTIC: D方法实例化没找到模型类Home\Model\OrdinfoModel
SQL: SHOW COLUMNS FROM `ordinfo` [ RunTime:0.0040s ]
SQL: SELECT * FROM `ordinfo` WHERE `user_id` = 1  [ RunTime:0.0220s ]
INFO: [ view_parse ] --START--
INFO: [ template_filter ] --START--
INFO: Run Behavior\ContentReplaceBehavior [ RunTime:0.000000s ]
INFO: [ template_filter ] --END-- [ RunTime:0.000000s ]
NOTIC: [8] Undefined variable: item C:\xampp\htdocs\NewThink\Runtime\Cache\Home\c269bbe80006445fcbb669c657a51b6d.php 第 230 行.
NOTIC: [8] Undefined variable: item C:\xampp\htdocs\NewThink\Runtime\Cache\Home\c269bbe80006445fcbb669c657a51b6d.php 第 230 行.
NOTIC: [8] Undefined variable: item C:\xampp\htdocs\NewThink\Runtime\Cache\Home\c269bbe80006445fcbb669c657a51b6d.php 第 230 行.
NOTIC: [8] Undefined variable: item C:\xampp\htdocs\NewThink\Runtime\Cache\Home\c269bbe80006445fcbb669c657a51b6d.php 第 230 行.
NOTIC: [8] Undefined variable: item C:\xampp\htdocs\NewThink\Runtime\Cache\Home\c269bbe80006445fcbb669c657a51b6d.php 第 230 行.
NOTIC: [8] Undefined variable: item C:\xampp\htdocs\NewThink\Runtime\Cache\Home\c269bbe80006445fcbb669c657a51b6d.php 第 230 行.
NOTIC: [8] Undefined variable: item C:\xampp\htdocs\NewThink\Runtime\Cache\Home\c269bbe80006445fcbb669c657a51b6d.php 第 230 行.
NOTIC: [8] Undefined variable: item C:\xampp\htdocs\NewThink\Runtime\Cache\Home\c269bbe80006445fcbb669c657a51b6d.php 第 230 行.
NOTIC: [8] Undefined variable: item C:\xampp\htdocs\NewThink\Runtime\Cache\Home\c269bbe80006445fcbb669c657a51b6d.php 第 230 行.
INFO: Run Behavior\ParseTemplateBehavior [ RunTime:0.023001s ]
INFO: [ view_parse ] --END-- [ RunTime:0.023001s ]
INFO: [ view_filter ] --START--
INFO: Run Behavior\WriteHtmlCacheBehavior [ RunTime:0.000000s ]
INFO: [ view_filter ] --END-- [ RunTime:0.001000s ]
INFO: [ app_end ] --START--
INFO: Run Behavior\ShowPageTraceBehavior [ RunTime:0.001000s ]
INFO: [ app_end ] --END-- [ RunTime:0.002000s ]

