[ 2017-04-21T16:12:37+08:00 ] 127.0.0.1 /Newthink/index.php/Home/User/login
INFO: [ app_init ] --START--
INFO: Run Behavior\BuildLiteBehavior [ RunTime:0.000000s ]
INFO: [ app_init ] --END-- [ RunTime:0.029002s ]
INFO: [ app_begin ] --START--
INFO: Run Behavior\ReadHtmlCacheBehavior [ RunTime:0.039002s ]
INFO: [ app_begin ] --END-- [ RunTime:0.039002s ]
SQL: SHOW COLUMNS FROM `user` [ RunTime:0.1250s ]
INFO: [ view_parse ] --START--
INFO: [ template_filter ] --START--
INFO: Run Behavior\ContentReplaceBehavior [ RunTime:0.039002s ]
INFO: [ template_filter ] --END-- [ RunTime:0.039002s ]
INFO: Run Behavior\ParseTemplateBehavior [ RunTime:0.207012s ]
INFO: [ view_parse ] --END-- [ RunTime:0.207012s ]
INFO: [ view_filter ] --START--
INFO: Run Behavior\WriteHtmlCacheBehavior [ RunTime:0.048003s ]
INFO: [ view_filter ] --END-- [ RunTime:0.049003s ]
SQL: SELECT * FROM `user` WHERE `username` = '' LIMIT 1   [ RunTime:0.0010s ]

[ 2017-04-21T16:12:37+08:00 ] 127.0.0.1 /Newthink/index.php/Home/User/animated_favicon.gif
INFO: [ app_init ] --START--
INFO: Run Behavior\BuildLiteBehavior [ RunTime:0.000000s ]
INFO: [ app_init ] --END-- [ RunTime:0.001001s ]

[ 2017-04-21T16:12:38+08:00 ] 127.0.0.1 /Newthink/index.php/Home/User/vcode.html
INFO: [ app_init ] --START--
INFO: Run Behavior\BuildLiteBehavior [ RunTime:0.000000s ]
INFO: [ app_init ] --END-- [ RunTime:0.000000s ]
INFO: [ app_begin ] --START--
INFO: Run Behavior\ReadHtmlCacheBehavior [ RunTime:0.002000s ]
INFO: [ app_begin ] --END-- [ RunTime:0.002000s ]
SQL: SHOW COLUMNS FROM `user` [ RunTime:0.0460s ]
INFO: [ app_end ] --START--
INFO: Run Behavior\ShowPageTraceBehavior [ RunTime:0.019001s ]
INFO: [ app_end ] --END-- [ RunTime:0.020001s ]

[ 2017-04-21T16:12:49+08:00 ] 127.0.0.1 /Newthink/index.php/Home/User/login.html
INFO: [ app_init ] --START--
INFO: Run Behavior\BuildLiteBehavior [ RunTime:0.000000s ]
INFO: [ app_init ] --END-- [ RunTime:0.001000s ]
INFO: [ app_begin ] --START--
INFO: Run Behavior\ReadHtmlCacheBehavior [ RunTime:0.091006s ]
INFO: [ app_begin ] --END-- [ RunTime:0.091006s ]
SQL: SHOW COLUMNS FROM `user` [ RunTime:0.0050s ]
SQL: SELECT * FROM `user` WHERE `username` = 'test1' LIMIT 1   [ RunTime:0.0240s ]

[ 2017-04-21T16:12:50+08:00 ] 127.0.0.1 /Newthink/index.php/
INFO: [ app_init ] --START--
INFO: Run Behavior\BuildLiteBehavior [ RunTime:0.000000s ]
INFO: [ app_init ] --END-- [ RunTime:0.000000s ]
INFO: [ app_begin ] --START--
INFO: Run Behavior\ReadHtmlCacheBehavior [ RunTime:0.003000s ]
INFO: [ app_begin ] --END-- [ RunTime:0.003000s ]
SQL: SHOW COLUMNS FROM `cat` [ RunTime:0.0570s ]
SQL: SELECT * FROM `cat`  [ RunTime:0.0000s ]
SQL: SHOW COLUMNS FROM `goods` [ RunTime:0.3020s ]
SQL: SELECT * FROM `goods` WHERE ( is_best=1 ) ORDER BY goods_id desc LIMIT 3   [ RunTime:0.0430s ]
SQL: SHOW COLUMNS FROM `goods` [ RunTime:0.0060s ]
SQL: SELECT * FROM `goods` WHERE ( is_hot=1 ) ORDER BY goods_id desc LIMIT 3   [ RunTime:0.0020s ]
SQL: SELECT * FROM `goods` WHERE ( is_new=1 ) ORDER BY goods_id desc LIMIT 3   [ RunTime:0.0030s ]
NOTIC: [2] array_reverse() expects parameter 1 to be array, null given C:\xampp\htdocs\NewThink\Home\Controller\IndexController.class.php 第 23 行.
SQL: SHOW COLUMNS FROM `comment` [ RunTime:0.0300s ]
SQL: SELECT * FROM `comment` ORDER BY comment_id desc LIMIT 3   [ RunTime:0.0010s ]
INFO: [ view_parse ] --START--
INFO: [ template_filter ] --START--
INFO: Run Behavior\ContentReplaceBehavior [ RunTime:0.000000s ]
INFO: [ template_filter ] --END-- [ RunTime:0.000000s ]
INFO: Run Behavior\ParseTemplateBehavior [ RunTime:0.103006s ]
INFO: [ view_parse ] --END-- [ RunTime:0.103006s ]
INFO: [ view_filter ] --START--
INFO: Run Behavior\WriteHtmlCacheBehavior [ RunTime:0.002000s ]
INFO: [ view_filter ] --END-- [ RunTime:0.002000s ]
INFO: [ app_end ] --START--
INFO: Run Behavior\ShowPageTraceBehavior [ RunTime:0.020001s ]
INFO: [ app_end ] --END-- [ RunTime:0.020001s ]

[ 2017-04-21T21:30:43+08:00 ] 127.0.0.1 /NewThink/index.php/Home/Flow/checkout.html
INFO: [ app_init ] --START--
INFO: Run Behavior\BuildLiteBehavior [ RunTime:0.000000s ]
INFO: [ app_init ] --END-- [ RunTime:0.001000s ]
INFO: [ app_begin ] --START--
INFO: Run Behavior\ReadHtmlCacheBehavior [ RunTime:0.003001s ]
INFO: [ app_begin ] --END-- [ RunTime:0.003001s ]
NOTIC: [8] Undefined variable: ins C:\xampp\htdocs\NewThink\Home\Tool\CartTool.class.php 第 60 行.
INFO: [ view_parse ] --START--
INFO: [ template_filter ] --START--
INFO: Run Behavior\ContentReplaceBehavior [ RunTime:0.001000s ]
INFO: [ template_filter ] --END-- [ RunTime:0.001000s ]
NOTIC: [8] Use of undefined constant shop_price - assumed 'shop_price' C:\xampp\htdocs\NewThink\Runtime\Cache\Home\c07f2e89354bfb3f5f88e083ae0c66fb.php 第 219 行.
NOTIC: [8] Use of undefined constant num - assumed 'num' C:\xampp\htdocs\NewThink\Runtime\Cache\Home\c07f2e89354bfb3f5f88e083ae0c66fb.php 第 219 行.
NOTIC: [8] Use of undefined constant shop_price - assumed 'shop_price' C:\xampp\htdocs\NewThink\Runtime\Cache\Home\c07f2e89354bfb3f5f88e083ae0c66fb.php 第 219 行.
NOTIC: [8] Use of undefined constant num - assumed 'num' C:\xampp\htdocs\NewThink\Runtime\Cache\Home\c07f2e89354bfb3f5f88e083ae0c66fb.php 第 219 行.
NOTIC: [8] Use of undefined constant shop_price - assumed 'shop_price' C:\xampp\htdocs\NewThink\Runtime\Cache\Home\c07f2e89354bfb3f5f88e083ae0c66fb.php 第 219 行.
NOTIC: [8] Use of undefined constant num - assumed 'num' C:\xampp\htdocs\NewThink\Runtime\Cache\Home\c07f2e89354bfb3f5f88e083ae0c66fb.php 第 219 行.
NOTIC: [8] Use of undefined constant shop_price - assumed 'shop_price' C:\xampp\htdocs\NewThink\Runtime\Cache\Home\c07f2e89354bfb3f5f88e083ae0c66fb.php 第 219 行.
NOTIC: [8] Use of undefined constant num - assumed 'num' C:\xampp\htdocs\NewThink\Runtime\Cache\Home\c07f2e89354bfb3f5f88e083ae0c66fb.php 第 219 行.
NOTIC: [8] Use of undefined constant shop_price - assumed 'shop_price' C:\xampp\htdocs\NewThink\Runtime\Cache\Home\c07f2e89354bfb3f5f88e083ae0c66fb.php 第 219 行.
NOTIC: [8] Use of undefined constant num - assumed 'num' C:\xampp\htdocs\NewThink\Runtime\Cache\Home\c07f2e89354bfb3f5f88e083ae0c66fb.php 第 219 行.
INFO: Run Behavior\ParseTemplateBehavior [ RunTime:0.132007s ]
INFO: [ view_parse ] --END-- [ RunTime:0.132007s ]
INFO: [ view_filter ] --START--
INFO: Run Behavior\WriteHtmlCacheBehavior [ RunTime:0.006000s ]
INFO: [ view_filter ] --END-- [ RunTime:0.017001s ]
INFO: [ app_end ] --START--
INFO: Run Behavior\ShowPageTraceBehavior [ RunTime:0.000000s ]
INFO: [ app_end ] --END-- [ RunTime:0.000000s ]

[ 2017-04-21T21:30:43+08:00 ] 127.0.0.1 /NewThink/index.php/Home/Flow/animated_favicon.gif
INFO: [ app_init ] --START--
INFO: Run Behavior\BuildLiteBehavior [ RunTime:0.001000s ]
INFO: [ app_init ] --END-- [ RunTime:0.002000s ]

