[ 2017-03-14T18:34:50+08:00 ] 127.0.0.1 /Newthink/index.php/Admin/Cat/catelist
INFO: [ app_init ] --START--
INFO: Run Behavior\BuildLiteBehavior [ RunTime:0.000000s ]
INFO: [ app_init ] --END-- [ RunTime:0.015600s ]
INFO: [ app_begin ] --START--
INFO: Run Behavior\ReadHtmlCacheBehavior [ RunTime:0.015600s ]
INFO: [ app_begin ] --END-- [ RunTime:0.015600s ]
SQL: SHOW COLUMNS FROM `cat` [ RunTime:0.0000s ]
SQL: SELECT * FROM `cat`  [ RunTime:0.0000s ]
INFO: [ view_parse ] --START--
INFO: [ template_filter ] --START--
INFO: Run Behavior\ContentReplaceBehavior [ RunTime:0.000000s ]
INFO: [ template_filter ] --END-- [ RunTime:0.000000s ]
NOTIC: [8] Use of undefined constant cat_id - assumed 'cat_id' C:\xampp\htdocs\NewThink\Runtime\Cache\Admin\4b930f83581871872ce087877f1ce0d2.php 第 46 行.
NOTIC: [8] Use of undefined constant cat_id - assumed 'cat_id' C:\xampp\htdocs\NewThink\Runtime\Cache\Admin\4b930f83581871872ce087877f1ce0d2.php 第 47 行.
NOTIC: [8] Use of undefined constant cat_id - assumed 'cat_id' C:\xampp\htdocs\NewThink\Runtime\Cache\Admin\4b930f83581871872ce087877f1ce0d2.php 第 46 行.
NOTIC: [8] Use of undefined constant cat_id - assumed 'cat_id' C:\xampp\htdocs\NewThink\Runtime\Cache\Admin\4b930f83581871872ce087877f1ce0d2.php 第 47 行.
NOTIC: [8] Use of undefined constant cat_id - assumed 'cat_id' C:\xampp\htdocs\NewThink\Runtime\Cache\Admin\4b930f83581871872ce087877f1ce0d2.php 第 46 行.
NOTIC: [8] Use of undefined constant cat_id - assumed 'cat_id' C:\xampp\htdocs\NewThink\Runtime\Cache\Admin\4b930f83581871872ce087877f1ce0d2.php 第 47 行.
NOTIC: [8] Use of undefined constant cat_id - assumed 'cat_id' C:\xampp\htdocs\NewThink\Runtime\Cache\Admin\4b930f83581871872ce087877f1ce0d2.php 第 46 行.
NOTIC: [8] Use of undefined constant cat_id - assumed 'cat_id' C:\xampp\htdocs\NewThink\Runtime\Cache\Admin\4b930f83581871872ce087877f1ce0d2.php 第 47 行.
NOTIC: [8] Use of undefined constant cat_id - assumed 'cat_id' C:\xampp\htdocs\NewThink\Runtime\Cache\Admin\4b930f83581871872ce087877f1ce0d2.php 第 46 行.
NOTIC: [8] Use of undefined constant cat_id - assumed 'cat_id' C:\xampp\htdocs\NewThink\Runtime\Cache\Admin\4b930f83581871872ce087877f1ce0d2.php 第 47 行.
NOTIC: [8] Use of undefined constant cat_id - assumed 'cat_id' C:\xampp\htdocs\NewThink\Runtime\Cache\Admin\4b930f83581871872ce087877f1ce0d2.php 第 46 行.
NOTIC: [8] Use of undefined constant cat_id - assumed 'cat_id' C:\xampp\htdocs\NewThink\Runtime\Cache\Admin\4b930f83581871872ce087877f1ce0d2.php 第 47 行.
NOTIC: [8] Use of undefined constant cat_id - assumed 'cat_id' C:\xampp\htdocs\NewThink\Runtime\Cache\Admin\4b930f83581871872ce087877f1ce0d2.php 第 46 行.
NOTIC: [8] Use of undefined constant cat_id - assumed 'cat_id' C:\xampp\htdocs\NewThink\Runtime\Cache\Admin\4b930f83581871872ce087877f1ce0d2.php 第 47 行.
NOTIC: [8] Use of undefined constant cat_id - assumed 'cat_id' C:\xampp\htdocs\NewThink\Runtime\Cache\Admin\4b930f83581871872ce087877f1ce0d2.php 第 46 行.
NOTIC: [8] Use of undefined constant cat_id - assumed 'cat_id' C:\xampp\htdocs\NewThink\Runtime\Cache\Admin\4b930f83581871872ce087877f1ce0d2.php 第 47 行.
NOTIC: [8] Use of undefined constant cat_id - assumed 'cat_id' C:\xampp\htdocs\NewThink\Runtime\Cache\Admin\4b930f83581871872ce087877f1ce0d2.php 第 46 行.
NOTIC: [8] Use of undefined constant cat_id - assumed 'cat_id' C:\xampp\htdocs\NewThink\Runtime\Cache\Admin\4b930f83581871872ce087877f1ce0d2.php 第 47 行.
NOTIC: [8] Use of undefined constant cat_id - assumed 'cat_id' C:\xampp\htdocs\NewThink\Runtime\Cache\Admin\4b930f83581871872ce087877f1ce0d2.php 第 46 行.
NOTIC: [8] Use of undefined constant cat_id - assumed 'cat_id' C:\xampp\htdocs\NewThink\Runtime\Cache\Admin\4b930f83581871872ce087877f1ce0d2.php 第 47 行.
NOTIC: [8] Use of undefined constant cat_id - assumed 'cat_id' C:\xampp\htdocs\NewThink\Runtime\Cache\Admin\4b930f83581871872ce087877f1ce0d2.php 第 46 行.
NOTIC: [8] Use of undefined constant cat_id - assumed 'cat_id' C:\xampp\htdocs\NewThink\Runtime\Cache\Admin\4b930f83581871872ce087877f1ce0d2.php 第 47 行.
NOTIC: [8] Use of undefined constant cat_id - assumed 'cat_id' C:\xampp\htdocs\NewThink\Runtime\Cache\Admin\4b930f83581871872ce087877f1ce0d2.php 第 46 行.
NOTIC: [8] Use of undefined constant cat_id - assumed 'cat_id' C:\xampp\htdocs\NewThink\Runtime\Cache\Admin\4b930f83581871872ce087877f1ce0d2.php 第 47 行.
NOTIC: [8] Use of undefined constant cat_id - assumed 'cat_id' C:\xampp\htdocs\NewThink\Runtime\Cache\Admin\4b930f83581871872ce087877f1ce0d2.php 第 46 行.
NOTIC: [8] Use of undefined constant cat_id - assumed 'cat_id' C:\xampp\htdocs\NewThink\Runtime\Cache\Admin\4b930f83581871872ce087877f1ce0d2.php 第 47 行.
NOTIC: [8] Use of undefined constant cat_id - assumed 'cat_id' C:\xampp\htdocs\NewThink\Runtime\Cache\Admin\4b930f83581871872ce087877f1ce0d2.php 第 46 行.
NOTIC: [8] Use of undefined constant cat_id - assumed 'cat_id' C:\xampp\htdocs\NewThink\Runtime\Cache\Admin\4b930f83581871872ce087877f1ce0d2.php 第 47 行.
NOTIC: [8] Use of undefined constant cat_id - assumed 'cat_id' C:\xampp\htdocs\NewThink\Runtime\Cache\Admin\4b930f83581871872ce087877f1ce0d2.php 第 46 行.
NOTIC: [8] Use of undefined constant cat_id - assumed 'cat_id' C:\xampp\htdocs\NewThink\Runtime\Cache\Admin\4b930f83581871872ce087877f1ce0d2.php 第 47 行.
NOTIC: [8] Use of undefined constant cat_id - assumed 'cat_id' C:\xampp\htdocs\NewThink\Runtime\Cache\Admin\4b930f83581871872ce087877f1ce0d2.php 第 46 行.
NOTIC: [8] Use of undefined constant cat_id - assumed 'cat_id' C:\xampp\htdocs\NewThink\Runtime\Cache\Admin\4b930f83581871872ce087877f1ce0d2.php 第 47 行.
INFO: Run Behavior\ParseTemplateBehavior [ RunTime:0.078000s ]
INFO: [ view_parse ] --END-- [ RunTime:0.078000s ]
INFO: [ view_filter ] --START--
INFO: Run Behavior\WriteHtmlCacheBehavior [ RunTime:0.031200s ]
INFO: [ view_filter ] --END-- [ RunTime:0.031200s ]
INFO: [ app_end ] --START--
INFO: Run Behavior\ShowPageTraceBehavior [ RunTime:0.015600s ]
INFO: [ app_end ] --END-- [ RunTime:0.015600s ]

[ 2017-03-14T18:35:02+08:00 ] 127.0.0.1 /Newthink/index.php/Admin/Cat/cateedit/cat_id/18.html
INFO: [ app_init ] --START--
INFO: Run Behavior\BuildLiteBehavior [ RunTime:0.000000s ]
INFO: [ app_init ] --END-- [ RunTime:0.000000s ]
INFO: [ app_begin ] --START--
INFO: Run Behavior\ReadHtmlCacheBehavior [ RunTime:0.000000s ]
INFO: [ app_begin ] --END-- [ RunTime:0.000000s ]
SQL: SHOW COLUMNS FROM `cat` [ RunTime:0.0000s ]
SQL: SELECT * FROM `cat`  [ RunTime:0.0000s ]
SQL: SELECT * FROM `cat` WHERE `cat_id` = 18 LIMIT 1   [ RunTime:0.0000s ]
INFO: [ view_parse ] --START--
INFO: [ template_filter ] --START--
INFO: Run Behavior\ContentReplaceBehavior [ RunTime:0.000000s ]
INFO: [ template_filter ] --END-- [ RunTime:0.000000s ]
INFO: Run Behavior\ParseTemplateBehavior [ RunTime:0.031200s ]
INFO: [ view_parse ] --END-- [ RunTime:0.031200s ]
INFO: [ view_filter ] --START--
INFO: Run Behavior\WriteHtmlCacheBehavior [ RunTime:0.000000s ]
INFO: [ view_filter ] --END-- [ RunTime:0.000000s ]
INFO: [ app_end ] --START--
INFO: Run Behavior\ShowPageTraceBehavior [ RunTime:0.000000s ]
INFO: [ app_end ] --END-- [ RunTime:0.000000s ]

[ 2017-03-14T20:13:40+08:00 ] 127.0.0.1 /Newthink/index.php/Admin/Cat/cateedit/cat_id/18.html
INFO: [ app_init ] --START--
INFO: Run Behavior\BuildLiteBehavior [ RunTime:0.000000s ]
INFO: [ app_init ] --END-- [ RunTime:0.000000s ]
INFO: [ app_begin ] --START--
INFO: Run Behavior\ReadHtmlCacheBehavior [ RunTime:0.000000s ]
INFO: [ app_begin ] --END-- [ RunTime:0.000000s ]
SQL: SHOW COLUMNS FROM `cat` [ RunTime:0.0000s ]
SQL: SELECT * FROM `cat`  [ RunTime:0.0000s ]
SQL: SELECT * FROM `cat` WHERE `cat_id` = 18 LIMIT 1   [ RunTime:0.0000s ]
INFO: [ view_parse ] --START--
INFO: [ template_filter ] --START--
INFO: Run Behavior\ContentReplaceBehavior [ RunTime:0.000000s ]
INFO: [ template_filter ] --END-- [ RunTime:0.000000s ]
INFO: Run Behavior\ParseTemplateBehavior [ RunTime:0.015600s ]
INFO: [ view_parse ] --END-- [ RunTime:0.015600s ]
INFO: [ view_filter ] --START--
INFO: Run Behavior\WriteHtmlCacheBehavior [ RunTime:0.000000s ]
INFO: [ view_filter ] --END-- [ RunTime:0.000000s ]
INFO: [ app_end ] --START--
INFO: Run Behavior\ShowPageTraceBehavior [ RunTime:0.000000s ]
INFO: [ app_end ] --END-- [ RunTime:0.000000s ]

[ 2017-03-14T20:13:58+08:00 ] 127.0.0.1 /Newthink/index.php/Admin/Cat/cateedit/cat_id/18.html
INFO: [ app_init ] --START--
INFO: Run Behavior\BuildLiteBehavior [ RunTime:0.000000s ]
INFO: [ app_init ] --END-- [ RunTime:0.015601s ]
INFO: [ app_begin ] --START--
INFO: Run Behavior\ReadHtmlCacheBehavior [ RunTime:0.000000s ]
INFO: [ app_begin ] --END-- [ RunTime:0.000000s ]
SQL: SHOW COLUMNS FROM `cat` [ RunTime:0.0000s ]
SQL: SELECT * FROM `cat`  [ RunTime:0.0000s ]
SQL: SELECT * FROM `cat` WHERE `cat_id` = 18 LIMIT 1   [ RunTime:0.0000s ]
INFO: [ view_parse ] --START--
INFO: [ template_filter ] --START--
INFO: Run Behavior\ContentReplaceBehavior [ RunTime:0.000000s ]
INFO: [ template_filter ] --END-- [ RunTime:0.000000s ]
INFO: Run Behavior\ParseTemplateBehavior [ RunTime:0.015600s ]
INFO: [ view_parse ] --END-- [ RunTime:0.015600s ]
INFO: [ view_filter ] --START--
INFO: Run Behavior\WriteHtmlCacheBehavior [ RunTime:0.000000s ]
INFO: [ view_filter ] --END-- [ RunTime:0.000000s ]
INFO: [ app_end ] --START--
INFO: Run Behavior\ShowPageTraceBehavior [ RunTime:0.000000s ]
INFO: [ app_end ] --END-- [ RunTime:0.000000s ]

[ 2017-03-14T20:14:04+08:00 ] 127.0.0.1 /Newthink/index.php/Admin/Cat/cateedit/cat_id/18.html
INFO: [ app_init ] --START--
INFO: Run Behavior\BuildLiteBehavior [ RunTime:0.000000s ]
INFO: [ app_init ] --END-- [ RunTime:0.000000s ]
INFO: [ app_begin ] --START--
INFO: Run Behavior\ReadHtmlCacheBehavior [ RunTime:0.000000s ]
INFO: [ app_begin ] --END-- [ RunTime:0.000000s ]
SQL: SHOW COLUMNS FROM `cat` [ RunTime:0.0156s ]
SQL: SELECT * FROM `cat`  [ RunTime:0.0000s ]
SQL: UPDATE `cat` SET `cat_name`='小米',`parent_id`='1',`intro`='小米手机真好用',`cat_id`='18' WHERE ( cat_id=18 ) [ RunTime:0.0000s ]

[ 2017-03-14T20:14:04+08:00 ] 127.0.0.1 /Newthink/index.php/Admin/Cat/catelist.html
INFO: [ app_init ] --START--
INFO: Run Behavior\BuildLiteBehavior [ RunTime:0.000000s ]
INFO: [ app_init ] --END-- [ RunTime:0.015600s ]
INFO: [ app_begin ] --START--
INFO: Run Behavior\ReadHtmlCacheBehavior [ RunTime:0.000000s ]
INFO: [ app_begin ] --END-- [ RunTime:0.000000s ]
SQL: SHOW COLUMNS FROM `cat` [ RunTime:0.0000s ]
SQL: SELECT * FROM `cat`  [ RunTime:0.0000s ]
INFO: [ view_parse ] --START--
INFO: [ template_filter ] --START--
INFO: Run Behavior\ContentReplaceBehavior [ RunTime:0.000000s ]
INFO: [ template_filter ] --END-- [ RunTime:0.000000s ]
NOTIC: [8] Use of undefined constant cat_id - assumed 'cat_id' C:\xampp\htdocs\NewThink\Runtime\Cache\Admin\4b930f83581871872ce087877f1ce0d2.php 第 46 行.
NOTIC: [8] Use of undefined constant cat_id - assumed 'cat_id' C:\xampp\htdocs\NewThink\Runtime\Cache\Admin\4b930f83581871872ce087877f1ce0d2.php 第 47 行.
NOTIC: [8] Use of undefined constant cat_id - assumed 'cat_id' C:\xampp\htdocs\NewThink\Runtime\Cache\Admin\4b930f83581871872ce087877f1ce0d2.php 第 46 行.
NOTIC: [8] Use of undefined constant cat_id - assumed 'cat_id' C:\xampp\htdocs\NewThink\Runtime\Cache\Admin\4b930f83581871872ce087877f1ce0d2.php 第 47 行.
NOTIC: [8] Use of undefined constant cat_id - assumed 'cat_id' C:\xampp\htdocs\NewThink\Runtime\Cache\Admin\4b930f83581871872ce087877f1ce0d2.php 第 46 行.
NOTIC: [8] Use of undefined constant cat_id - assumed 'cat_id' C:\xampp\htdocs\NewThink\Runtime\Cache\Admin\4b930f83581871872ce087877f1ce0d2.php 第 47 行.
NOTIC: [8] Use of undefined constant cat_id - assumed 'cat_id' C:\xampp\htdocs\NewThink\Runtime\Cache\Admin\4b930f83581871872ce087877f1ce0d2.php 第 46 行.
NOTIC: [8] Use of undefined constant cat_id - assumed 'cat_id' C:\xampp\htdocs\NewThink\Runtime\Cache\Admin\4b930f83581871872ce087877f1ce0d2.php 第 47 行.
NOTIC: [8] Use of undefined constant cat_id - assumed 'cat_id' C:\xampp\htdocs\NewThink\Runtime\Cache\Admin\4b930f83581871872ce087877f1ce0d2.php 第 46 行.
NOTIC: [8] Use of undefined constant cat_id - assumed 'cat_id' C:\xampp\htdocs\NewThink\Runtime\Cache\Admin\4b930f83581871872ce087877f1ce0d2.php 第 47 行.
NOTIC: [8] Use of undefined constant cat_id - assumed 'cat_id' C:\xampp\htdocs\NewThink\Runtime\Cache\Admin\4b930f83581871872ce087877f1ce0d2.php 第 46 行.
NOTIC: [8] Use of undefined constant cat_id - assumed 'cat_id' C:\xampp\htdocs\NewThink\Runtime\Cache\Admin\4b930f83581871872ce087877f1ce0d2.php 第 47 行.
NOTIC: [8] Use of undefined constant cat_id - assumed 'cat_id' C:\xampp\htdocs\NewThink\Runtime\Cache\Admin\4b930f83581871872ce087877f1ce0d2.php 第 46 行.
NOTIC: [8] Use of undefined constant cat_id - assumed 'cat_id' C:\xampp\htdocs\NewThink\Runtime\Cache\Admin\4b930f83581871872ce087877f1ce0d2.php 第 47 行.
NOTIC: [8] Use of undefined constant cat_id - assumed 'cat_id' C:\xampp\htdocs\NewThink\Runtime\Cache\Admin\4b930f83581871872ce087877f1ce0d2.php 第 46 行.
NOTIC: [8] Use of undefined constant cat_id - assumed 'cat_id' C:\xampp\htdocs\NewThink\Runtime\Cache\Admin\4b930f83581871872ce087877f1ce0d2.php 第 47 行.
NOTIC: [8] Use of undefined constant cat_id - assumed 'cat_id' C:\xampp\htdocs\NewThink\Runtime\Cache\Admin\4b930f83581871872ce087877f1ce0d2.php 第 46 行.
NOTIC: [8] Use of undefined constant cat_id - assumed 'cat_id' C:\xampp\htdocs\NewThink\Runtime\Cache\Admin\4b930f83581871872ce087877f1ce0d2.php 第 47 行.
NOTIC: [8] Use of undefined constant cat_id - assumed 'cat_id' C:\xampp\htdocs\NewThink\Runtime\Cache\Admin\4b930f83581871872ce087877f1ce0d2.php 第 46 行.
NOTIC: [8] Use of undefined constant cat_id - assumed 'cat_id' C:\xampp\htdocs\NewThink\Runtime\Cache\Admin\4b930f83581871872ce087877f1ce0d2.php 第 47 行.
NOTIC: [8] Use of undefined constant cat_id - assumed 'cat_id' C:\xampp\htdocs\NewThink\Runtime\Cache\Admin\4b930f83581871872ce087877f1ce0d2.php 第 46 行.
NOTIC: [8] Use of undefined constant cat_id - assumed 'cat_id' C:\xampp\htdocs\NewThink\Runtime\Cache\Admin\4b930f83581871872ce087877f1ce0d2.php 第 47 行.
NOTIC: [8] Use of undefined constant cat_id - assumed 'cat_id' C:\xampp\htdocs\NewThink\Runtime\Cache\Admin\4b930f83581871872ce087877f1ce0d2.php 第 46 行.
NOTIC: [8] Use of undefined constant cat_id - assumed 'cat_id' C:\xampp\htdocs\NewThink\Runtime\Cache\Admin\4b930f83581871872ce087877f1ce0d2.php 第 47 行.
NOTIC: [8] Use of undefined constant cat_id - assumed 'cat_id' C:\xampp\htdocs\NewThink\Runtime\Cache\Admin\4b930f83581871872ce087877f1ce0d2.php 第 46 行.
NOTIC: [8] Use of undefined constant cat_id - assumed 'cat_id' C:\xampp\htdocs\NewThink\Runtime\Cache\Admin\4b930f83581871872ce087877f1ce0d2.php 第 47 行.
NOTIC: [8] Use of undefined constant cat_id - assumed 'cat_id' C:\xampp\htdocs\NewThink\Runtime\Cache\Admin\4b930f83581871872ce087877f1ce0d2.php 第 46 行.
NOTIC: [8] Use of undefined constant cat_id - assumed 'cat_id' C:\xampp\htdocs\NewThink\Runtime\Cache\Admin\4b930f83581871872ce087877f1ce0d2.php 第 47 行.
NOTIC: [8] Use of undefined constant cat_id - assumed 'cat_id' C:\xampp\htdocs\NewThink\Runtime\Cache\Admin\4b930f83581871872ce087877f1ce0d2.php 第 46 行.
NOTIC: [8] Use of undefined constant cat_id - assumed 'cat_id' C:\xampp\htdocs\NewThink\Runtime\Cache\Admin\4b930f83581871872ce087877f1ce0d2.php 第 47 行.
NOTIC: [8] Use of undefined constant cat_id - assumed 'cat_id' C:\xampp\htdocs\NewThink\Runtime\Cache\Admin\4b930f83581871872ce087877f1ce0d2.php 第 46 行.
NOTIC: [8] Use of undefined constant cat_id - assumed 'cat_id' C:\xampp\htdocs\NewThink\Runtime\Cache\Admin\4b930f83581871872ce087877f1ce0d2.php 第 47 行.
INFO: Run Behavior\ParseTemplateBehavior [ RunTime:0.015600s ]
INFO: [ view_parse ] --END-- [ RunTime:0.015600s ]
INFO: [ view_filter ] --START--
INFO: Run Behavior\WriteHtmlCacheBehavior [ RunTime:0.000000s ]
INFO: [ view_filter ] --END-- [ RunTime:0.000000s ]
INFO: [ app_end ] --START--
INFO: Run Behavior\ShowPageTraceBehavior [ RunTime:0.000000s ]
INFO: [ app_end ] --END-- [ RunTime:0.000000s ]

[ 2017-03-14T20:14:11+08:00 ] 127.0.0.1 /Newthink/index.php/Admin/Cat/cateedit/cat_id/18.html
INFO: [ app_init ] --START--
INFO: Run Behavior\BuildLiteBehavior [ RunTime:0.000000s ]
INFO: [ app_init ] --END-- [ RunTime:0.000000s ]
INFO: [ app_begin ] --START--
INFO: Run Behavior\ReadHtmlCacheBehavior [ RunTime:0.000000s ]
INFO: [ app_begin ] --END-- [ RunTime:0.000000s ]
SQL: SHOW COLUMNS FROM `cat` [ RunTime:0.0000s ]
SQL: SELECT * FROM `cat`  [ RunTime:0.0000s ]
SQL: SELECT * FROM `cat` WHERE `cat_id` = 18 LIMIT 1   [ RunTime:0.0000s ]
INFO: [ view_parse ] --START--
INFO: [ template_filter ] --START--
INFO: Run Behavior\ContentReplaceBehavior [ RunTime:0.000000s ]
INFO: [ template_filter ] --END-- [ RunTime:0.000000s ]
INFO: Run Behavior\ParseTemplateBehavior [ RunTime:0.015600s ]
INFO: [ view_parse ] --END-- [ RunTime:0.015600s ]
INFO: [ view_filter ] --START--
INFO: Run Behavior\WriteHtmlCacheBehavior [ RunTime:0.000000s ]
INFO: [ view_filter ] --END-- [ RunTime:0.000000s ]
INFO: [ app_end ] --START--
INFO: Run Behavior\ShowPageTraceBehavior [ RunTime:0.000000s ]
INFO: [ app_end ] --END-- [ RunTime:0.000000s ]

[ 2017-03-14T20:15:12+08:00 ] 127.0.0.1 /Newthink/index.php/Admin/Cat/cateedit/cat_id/18.html
INFO: [ app_init ] --START--
INFO: Run Behavior\BuildLiteBehavior [ RunTime:0.000000s ]
INFO: [ app_init ] --END-- [ RunTime:0.000000s ]
INFO: [ app_begin ] --START--
INFO: Run Behavior\ReadHtmlCacheBehavior [ RunTime:0.000000s ]
INFO: [ app_begin ] --END-- [ RunTime:0.000000s ]
SQL: SHOW COLUMNS FROM `cat` [ RunTime:0.0000s ]
SQL: SELECT * FROM `cat`  [ RunTime:0.0000s ]
SQL: UPDATE `cat` SET `cat_name`='小米',`parent_id`='1',`intro`='小米手机真好用',`cat_id`='18' WHERE ( cat_id=18 ) [ RunTime:0.0000s ]

[ 2017-03-14T20:15:12+08:00 ] 127.0.0.1 /Newthink/index.php/Admin/Cat/catelist.html
INFO: [ app_init ] --START--
INFO: Run Behavior\BuildLiteBehavior [ RunTime:0.000000s ]
INFO: [ app_init ] --END-- [ RunTime:0.000000s ]
INFO: [ app_begin ] --START--
INFO: Run Behavior\ReadHtmlCacheBehavior [ RunTime:0.000000s ]
INFO: [ app_begin ] --END-- [ RunTime:0.000000s ]
SQL: SHOW COLUMNS FROM `cat` [ RunTime:0.0000s ]
SQL: SELECT * FROM `cat`  [ RunTime:0.0000s ]
INFO: [ view_parse ] --START--
INFO: [ template_filter ] --START--
INFO: Run Behavior\ContentReplaceBehavior [ RunTime:0.000000s ]
INFO: [ template_filter ] --END-- [ RunTime:0.000000s ]
NOTIC: [8] Use of undefined constant cat_id - assumed 'cat_id' C:\xampp\htdocs\NewThink\Runtime\Cache\Admin\4b930f83581871872ce087877f1ce0d2.php 第 46 行.
NOTIC: [8] Use of undefined constant cat_id - assumed 'cat_id' C:\xampp\htdocs\NewThink\Runtime\Cache\Admin\4b930f83581871872ce087877f1ce0d2.php 第 47 行.
NOTIC: [8] Use of undefined constant cat_id - assumed 'cat_id' C:\xampp\htdocs\NewThink\Runtime\Cache\Admin\4b930f83581871872ce087877f1ce0d2.php 第 46 行.
NOTIC: [8] Use of undefined constant cat_id - assumed 'cat_id' C:\xampp\htdocs\NewThink\Runtime\Cache\Admin\4b930f83581871872ce087877f1ce0d2.php 第 47 行.
NOTIC: [8] Use of undefined constant cat_id - assumed 'cat_id' C:\xampp\htdocs\NewThink\Runtime\Cache\Admin\4b930f83581871872ce087877f1ce0d2.php 第 46 行.
NOTIC: [8] Use of undefined constant cat_id - assumed 'cat_id' C:\xampp\htdocs\NewThink\Runtime\Cache\Admin\4b930f83581871872ce087877f1ce0d2.php 第 47 行.
NOTIC: [8] Use of undefined constant cat_id - assumed 'cat_id' C:\xampp\htdocs\NewThink\Runtime\Cache\Admin\4b930f83581871872ce087877f1ce0d2.php 第 46 行.
NOTIC: [8] Use of undefined constant cat_id - assumed 'cat_id' C:\xampp\htdocs\NewThink\Runtime\Cache\Admin\4b930f83581871872ce087877f1ce0d2.php 第 47 行.
NOTIC: [8] Use of undefined constant cat_id - assumed 'cat_id' C:\xampp\htdocs\NewThink\Runtime\Cache\Admin\4b930f83581871872ce087877f1ce0d2.php 第 46 行.
NOTIC: [8] Use of undefined constant cat_id - assumed 'cat_id' C:\xampp\htdocs\NewThink\Runtime\Cache\Admin\4b930f83581871872ce087877f1ce0d2.php 第 47 行.
NOTIC: [8] Use of undefined constant cat_id - assumed 'cat_id' C:\xampp\htdocs\NewThink\Runtime\Cache\Admin\4b930f83581871872ce087877f1ce0d2.php 第 46 行.
NOTIC: [8] Use of undefined constant cat_id - assumed 'cat_id' C:\xampp\htdocs\NewThink\Runtime\Cache\Admin\4b930f83581871872ce087877f1ce0d2.php 第 47 行.
NOTIC: [8] Use of undefined constant cat_id - assumed 'cat_id' C:\xampp\htdocs\NewThink\Runtime\Cache\Admin\4b930f83581871872ce087877f1ce0d2.php 第 46 行.
NOTIC: [8] Use of undefined constant cat_id - assumed 'cat_id' C:\xampp\htdocs\NewThink\Runtime\Cache\Admin\4b930f83581871872ce087877f1ce0d2.php 第 47 行.
NOTIC: [8] Use of undefined constant cat_id - assumed 'cat_id' C:\xampp\htdocs\NewThink\Runtime\Cache\Admin\4b930f83581871872ce087877f1ce0d2.php 第 46 行.
NOTIC: [8] Use of undefined constant cat_id - assumed 'cat_id' C:\xampp\htdocs\NewThink\Runtime\Cache\Admin\4b930f83581871872ce087877f1ce0d2.php 第 47 行.
NOTIC: [8] Use of undefined constant cat_id - assumed 'cat_id' C:\xampp\htdocs\NewThink\Runtime\Cache\Admin\4b930f83581871872ce087877f1ce0d2.php 第 46 行.
NOTIC: [8] Use of undefined constant cat_id - assumed 'cat_id' C:\xampp\htdocs\NewThink\Runtime\Cache\Admin\4b930f83581871872ce087877f1ce0d2.php 第 47 行.
NOTIC: [8] Use of undefined constant cat_id - assumed 'cat_id' C:\xampp\htdocs\NewThink\Runtime\Cache\Admin\4b930f83581871872ce087877f1ce0d2.php 第 46 行.
NOTIC: [8] Use of undefined constant cat_id - assumed 'cat_id' C:\xampp\htdocs\NewThink\Runtime\Cache\Admin\4b930f83581871872ce087877f1ce0d2.php 第 47 行.
NOTIC: [8] Use of undefined constant cat_id - assumed 'cat_id' C:\xampp\htdocs\NewThink\Runtime\Cache\Admin\4b930f83581871872ce087877f1ce0d2.php 第 46 行.
NOTIC: [8] Use of undefined constant cat_id - assumed 'cat_id' C:\xampp\htdocs\NewThink\Runtime\Cache\Admin\4b930f83581871872ce087877f1ce0d2.php 第 47 行.
NOTIC: [8] Use of undefined constant cat_id - assumed 'cat_id' C:\xampp\htdocs\NewThink\Runtime\Cache\Admin\4b930f83581871872ce087877f1ce0d2.php 第 46 行.
NOTIC: [8] Use of undefined constant cat_id - assumed 'cat_id' C:\xampp\htdocs\NewThink\Runtime\Cache\Admin\4b930f83581871872ce087877f1ce0d2.php 第 47 行.
NOTIC: [8] Use of undefined constant cat_id - assumed 'cat_id' C:\xampp\htdocs\NewThink\Runtime\Cache\Admin\4b930f83581871872ce087877f1ce0d2.php 第 46 行.
NOTIC: [8] Use of undefined constant cat_id - assumed 'cat_id' C:\xampp\htdocs\NewThink\Runtime\Cache\Admin\4b930f83581871872ce087877f1ce0d2.php 第 47 行.
NOTIC: [8] Use of undefined constant cat_id - assumed 'cat_id' C:\xampp\htdocs\NewThink\Runtime\Cache\Admin\4b930f83581871872ce087877f1ce0d2.php 第 46 行.
NOTIC: [8] Use of undefined constant cat_id - assumed 'cat_id' C:\xampp\htdocs\NewThink\Runtime\Cache\Admin\4b930f83581871872ce087877f1ce0d2.php 第 47 行.
NOTIC: [8] Use of undefined constant cat_id - assumed 'cat_id' C:\xampp\htdocs\NewThink\Runtime\Cache\Admin\4b930f83581871872ce087877f1ce0d2.php 第 46 行.
NOTIC: [8] Use of undefined constant cat_id - assumed 'cat_id' C:\xampp\htdocs\NewThink\Runtime\Cache\Admin\4b930f83581871872ce087877f1ce0d2.php 第 47 行.
NOTIC: [8] Use of undefined constant cat_id - assumed 'cat_id' C:\xampp\htdocs\NewThink\Runtime\Cache\Admin\4b930f83581871872ce087877f1ce0d2.php 第 46 行.
NOTIC: [8] Use of undefined constant cat_id - assumed 'cat_id' C:\xampp\htdocs\NewThink\Runtime\Cache\Admin\4b930f83581871872ce087877f1ce0d2.php 第 47 行.
INFO: Run Behavior\ParseTemplateBehavior [ RunTime:0.015600s ]
INFO: [ view_parse ] --END-- [ RunTime:0.015600s ]
INFO: [ view_filter ] --START--
INFO: Run Behavior\WriteHtmlCacheBehavior [ RunTime:0.000000s ]
INFO: [ view_filter ] --END-- [ RunTime:0.000000s ]
INFO: [ app_end ] --START--
INFO: Run Behavior\ShowPageTraceBehavior [ RunTime:0.015600s ]
INFO: [ app_end ] --END-- [ RunTime:0.015600s ]

[ 2017-03-14T20:15:20+08:00 ] 127.0.0.1 /Newthink/index.php/Admin/Cat/cateedit/cat_id/18.html
INFO: [ app_init ] --START--
INFO: Run Behavior\BuildLiteBehavior [ RunTime:0.000000s ]
INFO: [ app_init ] --END-- [ RunTime:0.000000s ]
INFO: [ app_begin ] --START--
INFO: Run Behavior\ReadHtmlCacheBehavior [ RunTime:0.000000s ]
INFO: [ app_begin ] --END-- [ RunTime:0.000000s ]
SQL: SHOW COLUMNS FROM `cat` [ RunTime:0.0000s ]
SQL: SELECT * FROM `cat`  [ RunTime:0.0000s ]
SQL: SELECT * FROM `cat` WHERE `cat_id` = 18 LIMIT 1   [ RunTime:0.0000s ]
INFO: [ view_parse ] --START--
INFO: [ template_filter ] --START--
INFO: Run Behavior\ContentReplaceBehavior [ RunTime:0.000000s ]
INFO: [ template_filter ] --END-- [ RunTime:0.000000s ]
INFO: Run Behavior\ParseTemplateBehavior [ RunTime:0.015600s ]
INFO: [ view_parse ] --END-- [ RunTime:0.015600s ]
INFO: [ view_filter ] --START--
INFO: Run Behavior\WriteHtmlCacheBehavior [ RunTime:0.000000s ]
INFO: [ view_filter ] --END-- [ RunTime:0.000000s ]
INFO: [ app_end ] --START--
INFO: Run Behavior\ShowPageTraceBehavior [ RunTime:0.000000s ]
INFO: [ app_end ] --END-- [ RunTime:0.000000s ]

[ 2017-03-14T20:15:33+08:00 ] 127.0.0.1 /Newthink/index.php/Admin/Cat/cateedit/cat_id/18.html
INFO: [ app_init ] --START--
INFO: Run Behavior\BuildLiteBehavior [ RunTime:0.000000s ]
INFO: [ app_init ] --END-- [ RunTime:0.000000s ]
INFO: [ app_begin ] --START--
INFO: Run Behavior\ReadHtmlCacheBehavior [ RunTime:0.000000s ]
INFO: [ app_begin ] --END-- [ RunTime:0.000000s ]
SQL: SHOW COLUMNS FROM `cat` [ RunTime:0.0000s ]
SQL: SELECT * FROM `cat`  [ RunTime:0.0000s ]
SQL: UPDATE `cat` SET `cat_name`='手机应用',`parent_id`='1',`intro`='小米手机真好用',`cat_id`='18' WHERE ( cat_id=18 ) [ RunTime:0.0000s ]

[ 2017-03-14T20:15:33+08:00 ] 127.0.0.1 /Newthink/index.php/Admin/Cat/catelist.html
INFO: [ app_init ] --START--
INFO: Run Behavior\BuildLiteBehavior [ RunTime:0.000000s ]
INFO: [ app_init ] --END-- [ RunTime:0.000000s ]
INFO: [ app_begin ] --START--
INFO: Run Behavior\ReadHtmlCacheBehavior [ RunTime:0.000000s ]
INFO: [ app_begin ] --END-- [ RunTime:0.000000s ]
SQL: SHOW COLUMNS FROM `cat` [ RunTime:0.0000s ]
SQL: SELECT * FROM `cat`  [ RunTime:0.0000s ]
INFO: [ view_parse ] --START--
INFO: [ template_filter ] --START--
INFO: Run Behavior\ContentReplaceBehavior [ RunTime:0.000000s ]
INFO: [ template_filter ] --END-- [ RunTime:0.000000s ]
NOTIC: [8] Use of undefined constant cat_id - assumed 'cat_id' C:\xampp\htdocs\NewThink\Runtime\Cache\Admin\4b930f83581871872ce087877f1ce0d2.php 第 46 行.
NOTIC: [8] Use of undefined constant cat_id - assumed 'cat_id' C:\xampp\htdocs\NewThink\Runtime\Cache\Admin\4b930f83581871872ce087877f1ce0d2.php 第 47 行.
NOTIC: [8] Use of undefined constant cat_id - assumed 'cat_id' C:\xampp\htdocs\NewThink\Runtime\Cache\Admin\4b930f83581871872ce087877f1ce0d2.php 第 46 行.
NOTIC: [8] Use of undefined constant cat_id - assumed 'cat_id' C:\xampp\htdocs\NewThink\Runtime\Cache\Admin\4b930f83581871872ce087877f1ce0d2.php 第 47 行.
NOTIC: [8] Use of undefined constant cat_id - assumed 'cat_id' C:\xampp\htdocs\NewThink\Runtime\Cache\Admin\4b930f83581871872ce087877f1ce0d2.php 第 46 行.
NOTIC: [8] Use of undefined constant cat_id - assumed 'cat_id' C:\xampp\htdocs\NewThink\Runtime\Cache\Admin\4b930f83581871872ce087877f1ce0d2.php 第 47 行.
NOTIC: [8] Use of undefined constant cat_id - assumed 'cat_id' C:\xampp\htdocs\NewThink\Runtime\Cache\Admin\4b930f83581871872ce087877f1ce0d2.php 第 46 行.
NOTIC: [8] Use of undefined constant cat_id - assumed 'cat_id' C:\xampp\htdocs\NewThink\Runtime\Cache\Admin\4b930f83581871872ce087877f1ce0d2.php 第 47 行.
NOTIC: [8] Use of undefined constant cat_id - assumed 'cat_id' C:\xampp\htdocs\NewThink\Runtime\Cache\Admin\4b930f83581871872ce087877f1ce0d2.php 第 46 行.
NOTIC: [8] Use of undefined constant cat_id - assumed 'cat_id' C:\xampp\htdocs\NewThink\Runtime\Cache\Admin\4b930f83581871872ce087877f1ce0d2.php 第 47 行.
NOTIC: [8] Use of undefined constant cat_id - assumed 'cat_id' C:\xampp\htdocs\NewThink\Runtime\Cache\Admin\4b930f83581871872ce087877f1ce0d2.php 第 46 行.
NOTIC: [8] Use of undefined constant cat_id - assumed 'cat_id' C:\xampp\htdocs\NewThink\Runtime\Cache\Admin\4b930f83581871872ce087877f1ce0d2.php 第 47 行.
NOTIC: [8] Use of undefined constant cat_id - assumed 'cat_id' C:\xampp\htdocs\NewThink\Runtime\Cache\Admin\4b930f83581871872ce087877f1ce0d2.php 第 46 行.
NOTIC: [8] Use of undefined constant cat_id - assumed 'cat_id' C:\xampp\htdocs\NewThink\Runtime\Cache\Admin\4b930f83581871872ce087877f1ce0d2.php 第 47 行.
NOTIC: [8] Use of undefined constant cat_id - assumed 'cat_id' C:\xampp\htdocs\NewThink\Runtime\Cache\Admin\4b930f83581871872ce087877f1ce0d2.php 第 46 行.
NOTIC: [8] Use of undefined constant cat_id - assumed 'cat_id' C:\xampp\htdocs\NewThink\Runtime\Cache\Admin\4b930f83581871872ce087877f1ce0d2.php 第 47 行.
NOTIC: [8] Use of undefined constant cat_id - assumed 'cat_id' C:\xampp\htdocs\NewThink\Runtime\Cache\Admin\4b930f83581871872ce087877f1ce0d2.php 第 46 行.
NOTIC: [8] Use of undefined constant cat_id - assumed 'cat_id' C:\xampp\htdocs\NewThink\Runtime\Cache\Admin\4b930f83581871872ce087877f1ce0d2.php 第 47 行.
NOTIC: [8] Use of undefined constant cat_id - assumed 'cat_id' C:\xampp\htdocs\NewThink\Runtime\Cache\Admin\4b930f83581871872ce087877f1ce0d2.php 第 46 行.
NOTIC: [8] Use of undefined constant cat_id - assumed 'cat_id' C:\xampp\htdocs\NewThink\Runtime\Cache\Admin\4b930f83581871872ce087877f1ce0d2.php 第 47 行.
NOTIC: [8] Use of undefined constant cat_id - assumed 'cat_id' C:\xampp\htdocs\NewThink\Runtime\Cache\Admin\4b930f83581871872ce087877f1ce0d2.php 第 46 行.
NOTIC: [8] Use of undefined constant cat_id - assumed 'cat_id' C:\xampp\htdocs\NewThink\Runtime\Cache\Admin\4b930f83581871872ce087877f1ce0d2.php 第 47 行.
NOTIC: [8] Use of undefined constant cat_id - assumed 'cat_id' C:\xampp\htdocs\NewThink\Runtime\Cache\Admin\4b930f83581871872ce087877f1ce0d2.php 第 46 行.
NOTIC: [8] Use of undefined constant cat_id - assumed 'cat_id' C:\xampp\htdocs\NewThink\Runtime\Cache\Admin\4b930f83581871872ce087877f1ce0d2.php 第 47 行.
NOTIC: [8] Use of undefined constant cat_id - assumed 'cat_id' C:\xampp\htdocs\NewThink\Runtime\Cache\Admin\4b930f83581871872ce087877f1ce0d2.php 第 46 行.
NOTIC: [8] Use of undefined constant cat_id - assumed 'cat_id' C:\xampp\htdocs\NewThink\Runtime\Cache\Admin\4b930f83581871872ce087877f1ce0d2.php 第 47 行.
NOTIC: [8] Use of undefined constant cat_id - assumed 'cat_id' C:\xampp\htdocs\NewThink\Runtime\Cache\Admin\4b930f83581871872ce087877f1ce0d2.php 第 46 行.
NOTIC: [8] Use of undefined constant cat_id - assumed 'cat_id' C:\xampp\htdocs\NewThink\Runtime\Cache\Admin\4b930f83581871872ce087877f1ce0d2.php 第 47 行.
NOTIC: [8] Use of undefined constant cat_id - assumed 'cat_id' C:\xampp\htdocs\NewThink\Runtime\Cache\Admin\4b930f83581871872ce087877f1ce0d2.php 第 46 行.
NOTIC: [8] Use of undefined constant cat_id - assumed 'cat_id' C:\xampp\htdocs\NewThink\Runtime\Cache\Admin\4b930f83581871872ce087877f1ce0d2.php 第 47 行.
NOTIC: [8] Use of undefined constant cat_id - assumed 'cat_id' C:\xampp\htdocs\NewThink\Runtime\Cache\Admin\4b930f83581871872ce087877f1ce0d2.php 第 46 行.
NOTIC: [8] Use of undefined constant cat_id - assumed 'cat_id' C:\xampp\htdocs\NewThink\Runtime\Cache\Admin\4b930f83581871872ce087877f1ce0d2.php 第 47 行.
INFO: Run Behavior\ParseTemplateBehavior [ RunTime:0.015600s ]
INFO: [ view_parse ] --END-- [ RunTime:0.015600s ]
INFO: [ view_filter ] --START--
INFO: Run Behavior\WriteHtmlCacheBehavior [ RunTime:0.000000s ]
INFO: [ view_filter ] --END-- [ RunTime:0.000000s ]
INFO: [ app_end ] --START--
INFO: Run Behavior\ShowPageTraceBehavior [ RunTime:0.015600s ]
INFO: [ app_end ] --END-- [ RunTime:0.015600s ]

[ 2017-03-14T20:15:41+08:00 ] 127.0.0.1 /Newthink/index.php/Admin/Cat/cateedit/cat_id/18.html
INFO: [ app_init ] --START--
INFO: Run Behavior\BuildLiteBehavior [ RunTime:0.000000s ]
INFO: [ app_init ] --END-- [ RunTime:0.000000s ]
INFO: [ app_begin ] --START--
INFO: Run Behavior\ReadHtmlCacheBehavior [ RunTime:0.000000s ]
INFO: [ app_begin ] --END-- [ RunTime:0.000000s ]
SQL: SHOW COLUMNS FROM `cat` [ RunTime:0.0000s ]
SQL: SELECT * FROM `cat`  [ RunTime:0.0000s ]
SQL: SELECT * FROM `cat` WHERE `cat_id` = 18 LIMIT 1   [ RunTime:0.0000s ]
INFO: [ view_parse ] --START--
INFO: [ template_filter ] --START--
INFO: Run Behavior\ContentReplaceBehavior [ RunTime:0.000000s ]
INFO: [ template_filter ] --END-- [ RunTime:0.000000s ]
INFO: Run Behavior\ParseTemplateBehavior [ RunTime:0.015600s ]
INFO: [ view_parse ] --END-- [ RunTime:0.015600s ]
INFO: [ view_filter ] --START--
INFO: Run Behavior\WriteHtmlCacheBehavior [ RunTime:0.000000s ]
INFO: [ view_filter ] --END-- [ RunTime:0.000000s ]
INFO: [ app_end ] --START--
INFO: Run Behavior\ShowPageTraceBehavior [ RunTime:0.000000s ]
INFO: [ app_end ] --END-- [ RunTime:0.000000s ]

[ 2017-03-14T20:15:45+08:00 ] 127.0.0.1 /Newthink/index.php/Admin/Cat/cateedit/cat_id/18.html
INFO: [ app_init ] --START--
INFO: Run Behavior\BuildLiteBehavior [ RunTime:0.000000s ]
INFO: [ app_init ] --END-- [ RunTime:0.000000s ]
INFO: [ app_begin ] --START--
INFO: Run Behavior\ReadHtmlCacheBehavior [ RunTime:0.000000s ]
INFO: [ app_begin ] --END-- [ RunTime:0.000000s ]
SQL: SHOW COLUMNS FROM `cat` [ RunTime:0.0000s ]
SQL: SELECT * FROM `cat`  [ RunTime:0.0000s ]
SQL: UPDATE `cat` SET `cat_name`='手机应用',`parent_id`='4',`intro`='小米手机真好用',`cat_id`='18' WHERE ( cat_id=18 ) [ RunTime:0.0156s ]

[ 2017-03-14T20:15:45+08:00 ] 127.0.0.1 /Newthink/index.php/Admin/Cat/catelist.html
INFO: [ app_init ] --START--
INFO: Run Behavior\BuildLiteBehavior [ RunTime:0.000000s ]
INFO: [ app_init ] --END-- [ RunTime:0.000000s ]
INFO: [ app_begin ] --START--
INFO: Run Behavior\ReadHtmlCacheBehavior [ RunTime:0.000000s ]
INFO: [ app_begin ] --END-- [ RunTime:0.000000s ]
SQL: SHOW COLUMNS FROM `cat` [ RunTime:0.0000s ]
SQL: SELECT * FROM `cat`  [ RunTime:0.0000s ]
INFO: [ view_parse ] --START--
INFO: [ template_filter ] --START--
INFO: Run Behavior\ContentReplaceBehavior [ RunTime:0.000000s ]
INFO: [ template_filter ] --END-- [ RunTime:0.000000s ]
NOTIC: [8] Use of undefined constant cat_id - assumed 'cat_id' C:\xampp\htdocs\NewThink\Runtime\Cache\Admin\4b930f83581871872ce087877f1ce0d2.php 第 46 行.
NOTIC: [8] Use of undefined constant cat_id - assumed 'cat_id' C:\xampp\htdocs\NewThink\Runtime\Cache\Admin\4b930f83581871872ce087877f1ce0d2.php 第 47 行.
NOTIC: [8] Use of undefined constant cat_id - assumed 'cat_id' C:\xampp\htdocs\NewThink\Runtime\Cache\Admin\4b930f83581871872ce087877f1ce0d2.php 第 46 行.
NOTIC: [8] Use of undefined constant cat_id - assumed 'cat_id' C:\xampp\htdocs\NewThink\Runtime\Cache\Admin\4b930f83581871872ce087877f1ce0d2.php 第 47 行.
NOTIC: [8] Use of undefined constant cat_id - assumed 'cat_id' C:\xampp\htdocs\NewThink\Runtime\Cache\Admin\4b930f83581871872ce087877f1ce0d2.php 第 46 行.
NOTIC: [8] Use of undefined constant cat_id - assumed 'cat_id' C:\xampp\htdocs\NewThink\Runtime\Cache\Admin\4b930f83581871872ce087877f1ce0d2.php 第 47 行.
NOTIC: [8] Use of undefined constant cat_id - assumed 'cat_id' C:\xampp\htdocs\NewThink\Runtime\Cache\Admin\4b930f83581871872ce087877f1ce0d2.php 第 46 行.
NOTIC: [8] Use of undefined constant cat_id - assumed 'cat_id' C:\xampp\htdocs\NewThink\Runtime\Cache\Admin\4b930f83581871872ce087877f1ce0d2.php 第 47 行.
NOTIC: [8] Use of undefined constant cat_id - assumed 'cat_id' C:\xampp\htdocs\NewThink\Runtime\Cache\Admin\4b930f83581871872ce087877f1ce0d2.php 第 46 行.
NOTIC: [8] Use of undefined constant cat_id - assumed 'cat_id' C:\xampp\htdocs\NewThink\Runtime\Cache\Admin\4b930f83581871872ce087877f1ce0d2.php 第 47 行.
NOTIC: [8] Use of undefined constant cat_id - assumed 'cat_id' C:\xampp\htdocs\NewThink\Runtime\Cache\Admin\4b930f83581871872ce087877f1ce0d2.php 第 46 行.
NOTIC: [8] Use of undefined constant cat_id - assumed 'cat_id' C:\xampp\htdocs\NewThink\Runtime\Cache\Admin\4b930f83581871872ce087877f1ce0d2.php 第 47 行.
NOTIC: [8] Use of undefined constant cat_id - assumed 'cat_id' C:\xampp\htdocs\NewThink\Runtime\Cache\Admin\4b930f83581871872ce087877f1ce0d2.php 第 46 行.
NOTIC: [8] Use of undefined constant cat_id - assumed 'cat_id' C:\xampp\htdocs\NewThink\Runtime\Cache\Admin\4b930f83581871872ce087877f1ce0d2.php 第 47 行.
NOTIC: [8] Use of undefined constant cat_id - assumed 'cat_id' C:\xampp\htdocs\NewThink\Runtime\Cache\Admin\4b930f83581871872ce087877f1ce0d2.php 第 46 行.
NOTIC: [8] Use of undefined constant cat_id - assumed 'cat_id' C:\xampp\htdocs\NewThink\Runtime\Cache\Admin\4b930f83581871872ce087877f1ce0d2.php 第 47 行.
NOTIC: [8] Use of undefined constant cat_id - assumed 'cat_id' C:\xampp\htdocs\NewThink\Runtime\Cache\Admin\4b930f83581871872ce087877f1ce0d2.php 第 46 行.
NOTIC: [8] Use of undefined constant cat_id - assumed 'cat_id' C:\xampp\htdocs\NewThink\Runtime\Cache\Admin\4b930f83581871872ce087877f1ce0d2.php 第 47 行.
NOTIC: [8] Use of undefined constant cat_id - assumed 'cat_id' C:\xampp\htdocs\NewThink\Runtime\Cache\Admin\4b930f83581871872ce087877f1ce0d2.php 第 46 行.
NOTIC: [8] Use of undefined constant cat_id - assumed 'cat_id' C:\xampp\htdocs\NewThink\Runtime\Cache\Admin\4b930f83581871872ce087877f1ce0d2.php 第 47 行.
NOTIC: [8] Use of undefined constant cat_id - assumed 'cat_id' C:\xampp\htdocs\NewThink\Runtime\Cache\Admin\4b930f83581871872ce087877f1ce0d2.php 第 46 行.
NOTIC: [8] Use of undefined constant cat_id - assumed 'cat_id' C:\xampp\htdocs\NewThink\Runtime\Cache\Admin\4b930f83581871872ce087877f1ce0d2.php 第 47 行.
NOTIC: [8] Use of undefined constant cat_id - assumed 'cat_id' C:\xampp\htdocs\NewThink\Runtime\Cache\Admin\4b930f83581871872ce087877f1ce0d2.php 第 46 行.
NOTIC: [8] Use of undefined constant cat_id - assumed 'cat_id' C:\xampp\htdocs\NewThink\Runtime\Cache\Admin\4b930f83581871872ce087877f1ce0d2.php 第 47 行.
NOTIC: [8] Use of undefined constant cat_id - assumed 'cat_id' C:\xampp\htdocs\NewThink\Runtime\Cache\Admin\4b930f83581871872ce087877f1ce0d2.php 第 46 行.
NOTIC: [8] Use of undefined constant cat_id - assumed 'cat_id' C:\xampp\htdocs\NewThink\Runtime\Cache\Admin\4b930f83581871872ce087877f1ce0d2.php 第 47 行.
NOTIC: [8] Use of undefined constant cat_id - assumed 'cat_id' C:\xampp\htdocs\NewThink\Runtime\Cache\Admin\4b930f83581871872ce087877f1ce0d2.php 第 46 行.
NOTIC: [8] Use of undefined constant cat_id - assumed 'cat_id' C:\xampp\htdocs\NewThink\Runtime\Cache\Admin\4b930f83581871872ce087877f1ce0d2.php 第 47 行.
NOTIC: [8] Use of undefined constant cat_id - assumed 'cat_id' C:\xampp\htdocs\NewThink\Runtime\Cache\Admin\4b930f83581871872ce087877f1ce0d2.php 第 46 行.
NOTIC: [8] Use of undefined constant cat_id - assumed 'cat_id' C:\xampp\htdocs\NewThink\Runtime\Cache\Admin\4b930f83581871872ce087877f1ce0d2.php 第 47 行.
NOTIC: [8] Use of undefined constant cat_id - assumed 'cat_id' C:\xampp\htdocs\NewThink\Runtime\Cache\Admin\4b930f83581871872ce087877f1ce0d2.php 第 46 行.
NOTIC: [8] Use of undefined constant cat_id - assumed 'cat_id' C:\xampp\htdocs\NewThink\Runtime\Cache\Admin\4b930f83581871872ce087877f1ce0d2.php 第 47 行.
INFO: Run Behavior\ParseTemplateBehavior [ RunTime:0.015600s ]
INFO: [ view_parse ] --END-- [ RunTime:0.015600s ]
INFO: [ view_filter ] --START--
INFO: Run Behavior\WriteHtmlCacheBehavior [ RunTime:0.015600s ]
INFO: [ view_filter ] --END-- [ RunTime:0.015600s ]
INFO: [ app_end ] --START--
INFO: Run Behavior\ShowPageTraceBehavior [ RunTime:0.000000s ]
INFO: [ app_end ] --END-- [ RunTime:0.000000s ]

