[ 2017-03-05T00:59:25+08:00 ] 127.0.0.1 /Newthink/index.php/Admin/Cat/catelist
INFO: [ app_init ] --START--
INFO: Run Behavior\BuildLiteBehavior [ RunTime:0.000000s ]
INFO: [ app_init ] --END-- [ RunTime:0.000000s ]
INFO: [ app_begin ] --START--
INFO: Run Behavior\ReadHtmlCacheBehavior [ RunTime:0.000000s ]
INFO: [ app_begin ] --END-- [ RunTime:0.000000s ]
SQL: SHOW COLUMNS FROM `cat` [ RunTime:0.0156s ]
SQL: SELECT * FROM `cat`  [ RunTime:0.0000s ]
INFO: [ view_parse ] --START--
INFO: [ template_filter ] --START--
INFO: Run Behavior\ContentReplaceBehavior [ RunTime:0.000000s ]
INFO: [ template_filter ] --END-- [ RunTime:0.000000s ]
NOTIC: [8] Use of undefined constant cat_id - assumed 'cat_id' C:\xampp\htdocs\NewThink\Runtime\Cache\Admin\4b930f83581871872ce087877f1ce0d2.php 第 46 行.
NOTIC: [8] Use of undefined constant cat_id - assumed 'cat_id' C:\xampp\htdocs\NewThink\Runtime\Cache\Admin\4b930f83581871872ce087877f1ce0d2.php 第 47 行.
NOTIC: [8] Use of undefined constant cat_id - assumed 'cat_id' C:\xampp\htdocs\NewThink\Runtime\Cache\Admin\4b930f83581871872ce087877f1ce0d2.php 第 46 行.
NOTIC: [8] Use of undefined constant cat_id - assumed 'cat_id' C:\xampp\htdocs\NewThink\Runtime\Cache\Admin\4b930f83581871872ce087877f1ce0d2.php 第 47 行.
NOTIC: [8] Use of undefined constant cat_id - assumed 'cat_id' C:\xampp\htdocs\NewThink\Runtime\Cache\Admin\4b930f83581871872ce087877f1ce0d2.php 第 46 行.
NOTIC: [8] Use of undefined constant cat_id - assumed 'cat_id' C:\xampp\htdocs\NewThink\Runtime\Cache\Admin\4b930f83581871872ce087877f1ce0d2.php 第 47 行.
NOTIC: [8] Use of undefined constant cat_id - assumed 'cat_id' C:\xampp\htdocs\NewThink\Runtime\Cache\Admin\4b930f83581871872ce087877f1ce0d2.php 第 46 行.
NOTIC: [8] Use of undefined constant cat_id - assumed 'cat_id' C:\xampp\htdocs\NewThink\Runtime\Cache\Admin\4b930f83581871872ce087877f1ce0d2.php 第 47 行.
NOTIC: [8] Use of undefined constant cat_id - assumed 'cat_id' C:\xampp\htdocs\NewThink\Runtime\Cache\Admin\4b930f83581871872ce087877f1ce0d2.php 第 46 行.
NOTIC: [8] Use of undefined constant cat_id - assumed 'cat_id' C:\xampp\htdocs\NewThink\Runtime\Cache\Admin\4b930f83581871872ce087877f1ce0d2.php 第 47 行.
NOTIC: [8] Use of undefined constant cat_id - assumed 'cat_id' C:\xampp\htdocs\NewThink\Runtime\Cache\Admin\4b930f83581871872ce087877f1ce0d2.php 第 46 行.
NOTIC: [8] Use of undefined constant cat_id - assumed 'cat_id' C:\xampp\htdocs\NewThink\Runtime\Cache\Admin\4b930f83581871872ce087877f1ce0d2.php 第 47 行.
NOTIC: [8] Use of undefined constant cat_id - assumed 'cat_id' C:\xampp\htdocs\NewThink\Runtime\Cache\Admin\4b930f83581871872ce087877f1ce0d2.php 第 46 行.
NOTIC: [8] Use of undefined constant cat_id - assumed 'cat_id' C:\xampp\htdocs\NewThink\Runtime\Cache\Admin\4b930f83581871872ce087877f1ce0d2.php 第 47 行.
NOTIC: [8] Use of undefined constant cat_id - assumed 'cat_id' C:\xampp\htdocs\NewThink\Runtime\Cache\Admin\4b930f83581871872ce087877f1ce0d2.php 第 46 行.
NOTIC: [8] Use of undefined constant cat_id - assumed 'cat_id' C:\xampp\htdocs\NewThink\Runtime\Cache\Admin\4b930f83581871872ce087877f1ce0d2.php 第 47 行.
NOTIC: [8] Use of undefined constant cat_id - assumed 'cat_id' C:\xampp\htdocs\NewThink\Runtime\Cache\Admin\4b930f83581871872ce087877f1ce0d2.php 第 46 行.
NOTIC: [8] Use of undefined constant cat_id - assumed 'cat_id' C:\xampp\htdocs\NewThink\Runtime\Cache\Admin\4b930f83581871872ce087877f1ce0d2.php 第 47 行.
NOTIC: [8] Use of undefined constant cat_id - assumed 'cat_id' C:\xampp\htdocs\NewThink\Runtime\Cache\Admin\4b930f83581871872ce087877f1ce0d2.php 第 46 行.
NOTIC: [8] Use of undefined constant cat_id - assumed 'cat_id' C:\xampp\htdocs\NewThink\Runtime\Cache\Admin\4b930f83581871872ce087877f1ce0d2.php 第 47 行.
NOTIC: [8] Use of undefined constant cat_id - assumed 'cat_id' C:\xampp\htdocs\NewThink\Runtime\Cache\Admin\4b930f83581871872ce087877f1ce0d2.php 第 46 行.
NOTIC: [8] Use of undefined constant cat_id - assumed 'cat_id' C:\xampp\htdocs\NewThink\Runtime\Cache\Admin\4b930f83581871872ce087877f1ce0d2.php 第 47 行.
NOTIC: [8] Use of undefined constant cat_id - assumed 'cat_id' C:\xampp\htdocs\NewThink\Runtime\Cache\Admin\4b930f83581871872ce087877f1ce0d2.php 第 46 行.
NOTIC: [8] Use of undefined constant cat_id - assumed 'cat_id' C:\xampp\htdocs\NewThink\Runtime\Cache\Admin\4b930f83581871872ce087877f1ce0d2.php 第 47 行.
NOTIC: [8] Use of undefined constant cat_id - assumed 'cat_id' C:\xampp\htdocs\NewThink\Runtime\Cache\Admin\4b930f83581871872ce087877f1ce0d2.php 第 46 行.
NOTIC: [8] Use of undefined constant cat_id - assumed 'cat_id' C:\xampp\htdocs\NewThink\Runtime\Cache\Admin\4b930f83581871872ce087877f1ce0d2.php 第 47 行.
NOTIC: [8] Use of undefined constant cat_id - assumed 'cat_id' C:\xampp\htdocs\NewThink\Runtime\Cache\Admin\4b930f83581871872ce087877f1ce0d2.php 第 46 行.
NOTIC: [8] Use of undefined constant cat_id - assumed 'cat_id' C:\xampp\htdocs\NewThink\Runtime\Cache\Admin\4b930f83581871872ce087877f1ce0d2.php 第 47 行.
NOTIC: [8] Use of undefined constant cat_id - assumed 'cat_id' C:\xampp\htdocs\NewThink\Runtime\Cache\Admin\4b930f83581871872ce087877f1ce0d2.php 第 46 行.
NOTIC: [8] Use of undefined constant cat_id - assumed 'cat_id' C:\xampp\htdocs\NewThink\Runtime\Cache\Admin\4b930f83581871872ce087877f1ce0d2.php 第 47 行.
INFO: Run Behavior\ParseTemplateBehavior [ RunTime:0.062400s ]
INFO: [ view_parse ] --END-- [ RunTime:0.062400s ]
INFO: [ view_filter ] --START--
INFO: Run Behavior\WriteHtmlCacheBehavior [ RunTime:0.000000s ]
INFO: [ view_filter ] --END-- [ RunTime:0.000000s ]
INFO: [ app_end ] --START--
INFO: Run Behavior\ShowPageTraceBehavior [ RunTime:0.000000s ]
INFO: [ app_end ] --END-- [ RunTime:0.000000s ]

[ 2017-03-05T00:59:36+08:00 ] 127.0.0.1 /Newthink/index.php/Admin/Cat/cateadd
INFO: [ app_init ] --START--
INFO: Run Behavior\BuildLiteBehavior [ RunTime:0.000000s ]
INFO: [ app_init ] --END-- [ RunTime:0.000000s ]
INFO: [ app_begin ] --START--
INFO: Run Behavior\ReadHtmlCacheBehavior [ RunTime:0.000000s ]
INFO: [ app_begin ] --END-- [ RunTime:0.000000s ]
SQL: SHOW COLUMNS FROM `cat` [ RunTime:0.0156s ]
SQL: SELECT * FROM `cat`  [ RunTime:0.0000s ]
INFO: [ view_parse ] --START--
INFO: [ template_filter ] --START--
INFO: Run Behavior\ContentReplaceBehavior [ RunTime:0.000000s ]
INFO: [ template_filter ] --END-- [ RunTime:0.000000s ]
INFO: Run Behavior\ParseTemplateBehavior [ RunTime:0.062400s ]
INFO: [ view_parse ] --END-- [ RunTime:0.062400s ]
INFO: [ view_filter ] --START--
INFO: Run Behavior\WriteHtmlCacheBehavior [ RunTime:0.000000s ]
INFO: [ view_filter ] --END-- [ RunTime:0.000000s ]
INFO: [ app_end ] --START--
INFO: Run Behavior\ShowPageTraceBehavior [ RunTime:0.015601s ]
INFO: [ app_end ] --END-- [ RunTime:0.015601s ]

[ 2017-03-05T01:00:04+08:00 ] 127.0.0.1 /Newthink/index.php/Admin/Cat/cateadd
INFO: [ app_init ] --START--
INFO: Run Behavior\BuildLiteBehavior [ RunTime:0.000000s ]
INFO: [ app_init ] --END-- [ RunTime:0.000000s ]
INFO: [ app_begin ] --START--
INFO: Run Behavior\ReadHtmlCacheBehavior [ RunTime:0.000000s ]
INFO: [ app_begin ] --END-- [ RunTime:0.000000s ]
SQL: SHOW COLUMNS FROM `cat` [ RunTime:0.0000s ]
SQL: SELECT * FROM `cat`  [ RunTime:0.0000s ]
SQL: INSERT INTO `cat` (`cat_name`,`parent_id`,`intro`,`cat_id`) VALUES ('小米手机','4','小米手机真好用','0') [ RunTime:0.0156s ]

[ 2017-03-05T01:00:04+08:00 ] 127.0.0.1 /Newthink/index.php/Admin/Cat/catelist.html
INFO: [ app_init ] --START--
INFO: Run Behavior\BuildLiteBehavior [ RunTime:0.000000s ]
INFO: [ app_init ] --END-- [ RunTime:0.000000s ]
INFO: [ app_begin ] --START--
INFO: Run Behavior\ReadHtmlCacheBehavior [ RunTime:0.000000s ]
INFO: [ app_begin ] --END-- [ RunTime:0.000000s ]
SQL: SHOW COLUMNS FROM `cat` [ RunTime:0.0156s ]
SQL: SELECT * FROM `cat`  [ RunTime:0.0000s ]
INFO: [ view_parse ] --START--
INFO: [ template_filter ] --START--
INFO: Run Behavior\ContentReplaceBehavior [ RunTime:0.000000s ]
INFO: [ template_filter ] --END-- [ RunTime:0.000000s ]
NOTIC: [8] Use of undefined constant cat_id - assumed 'cat_id' C:\xampp\htdocs\NewThink\Runtime\Cache\Admin\4b930f83581871872ce087877f1ce0d2.php 第 46 行.
NOTIC: [8] Use of undefined constant cat_id - assumed 'cat_id' C:\xampp\htdocs\NewThink\Runtime\Cache\Admin\4b930f83581871872ce087877f1ce0d2.php 第 47 行.
NOTIC: [8] Use of undefined constant cat_id - assumed 'cat_id' C:\xampp\htdocs\NewThink\Runtime\Cache\Admin\4b930f83581871872ce087877f1ce0d2.php 第 46 行.
NOTIC: [8] Use of undefined constant cat_id - assumed 'cat_id' C:\xampp\htdocs\NewThink\Runtime\Cache\Admin\4b930f83581871872ce087877f1ce0d2.php 第 47 行.
NOTIC: [8] Use of undefined constant cat_id - assumed 'cat_id' C:\xampp\htdocs\NewThink\Runtime\Cache\Admin\4b930f83581871872ce087877f1ce0d2.php 第 46 行.
NOTIC: [8] Use of undefined constant cat_id - assumed 'cat_id' C:\xampp\htdocs\NewThink\Runtime\Cache\Admin\4b930f83581871872ce087877f1ce0d2.php 第 47 行.
NOTIC: [8] Use of undefined constant cat_id - assumed 'cat_id' C:\xampp\htdocs\NewThink\Runtime\Cache\Admin\4b930f83581871872ce087877f1ce0d2.php 第 46 行.
NOTIC: [8] Use of undefined constant cat_id - assumed 'cat_id' C:\xampp\htdocs\NewThink\Runtime\Cache\Admin\4b930f83581871872ce087877f1ce0d2.php 第 47 行.
NOTIC: [8] Use of undefined constant cat_id - assumed 'cat_id' C:\xampp\htdocs\NewThink\Runtime\Cache\Admin\4b930f83581871872ce087877f1ce0d2.php 第 46 行.
NOTIC: [8] Use of undefined constant cat_id - assumed 'cat_id' C:\xampp\htdocs\NewThink\Runtime\Cache\Admin\4b930f83581871872ce087877f1ce0d2.php 第 47 行.
NOTIC: [8] Use of undefined constant cat_id - assumed 'cat_id' C:\xampp\htdocs\NewThink\Runtime\Cache\Admin\4b930f83581871872ce087877f1ce0d2.php 第 46 行.
NOTIC: [8] Use of undefined constant cat_id - assumed 'cat_id' C:\xampp\htdocs\NewThink\Runtime\Cache\Admin\4b930f83581871872ce087877f1ce0d2.php 第 47 行.
NOTIC: [8] Use of undefined constant cat_id - assumed 'cat_id' C:\xampp\htdocs\NewThink\Runtime\Cache\Admin\4b930f83581871872ce087877f1ce0d2.php 第 46 行.
NOTIC: [8] Use of undefined constant cat_id - assumed 'cat_id' C:\xampp\htdocs\NewThink\Runtime\Cache\Admin\4b930f83581871872ce087877f1ce0d2.php 第 47 行.
NOTIC: [8] Use of undefined constant cat_id - assumed 'cat_id' C:\xampp\htdocs\NewThink\Runtime\Cache\Admin\4b930f83581871872ce087877f1ce0d2.php 第 46 行.
NOTIC: [8] Use of undefined constant cat_id - assumed 'cat_id' C:\xampp\htdocs\NewThink\Runtime\Cache\Admin\4b930f83581871872ce087877f1ce0d2.php 第 47 行.
NOTIC: [8] Use of undefined constant cat_id - assumed 'cat_id' C:\xampp\htdocs\NewThink\Runtime\Cache\Admin\4b930f83581871872ce087877f1ce0d2.php 第 46 行.
NOTIC: [8] Use of undefined constant cat_id - assumed 'cat_id' C:\xampp\htdocs\NewThink\Runtime\Cache\Admin\4b930f83581871872ce087877f1ce0d2.php 第 47 行.
NOTIC: [8] Use of undefined constant cat_id - assumed 'cat_id' C:\xampp\htdocs\NewThink\Runtime\Cache\Admin\4b930f83581871872ce087877f1ce0d2.php 第 46 行.
NOTIC: [8] Use of undefined constant cat_id - assumed 'cat_id' C:\xampp\htdocs\NewThink\Runtime\Cache\Admin\4b930f83581871872ce087877f1ce0d2.php 第 47 行.
NOTIC: [8] Use of undefined constant cat_id - assumed 'cat_id' C:\xampp\htdocs\NewThink\Runtime\Cache\Admin\4b930f83581871872ce087877f1ce0d2.php 第 46 行.
NOTIC: [8] Use of undefined constant cat_id - assumed 'cat_id' C:\xampp\htdocs\NewThink\Runtime\Cache\Admin\4b930f83581871872ce087877f1ce0d2.php 第 47 行.
NOTIC: [8] Use of undefined constant cat_id - assumed 'cat_id' C:\xampp\htdocs\NewThink\Runtime\Cache\Admin\4b930f83581871872ce087877f1ce0d2.php 第 46 行.
NOTIC: [8] Use of undefined constant cat_id - assumed 'cat_id' C:\xampp\htdocs\NewThink\Runtime\Cache\Admin\4b930f83581871872ce087877f1ce0d2.php 第 47 行.
NOTIC: [8] Use of undefined constant cat_id - assumed 'cat_id' C:\xampp\htdocs\NewThink\Runtime\Cache\Admin\4b930f83581871872ce087877f1ce0d2.php 第 46 行.
NOTIC: [8] Use of undefined constant cat_id - assumed 'cat_id' C:\xampp\htdocs\NewThink\Runtime\Cache\Admin\4b930f83581871872ce087877f1ce0d2.php 第 47 行.
NOTIC: [8] Use of undefined constant cat_id - assumed 'cat_id' C:\xampp\htdocs\NewThink\Runtime\Cache\Admin\4b930f83581871872ce087877f1ce0d2.php 第 46 行.
NOTIC: [8] Use of undefined constant cat_id - assumed 'cat_id' C:\xampp\htdocs\NewThink\Runtime\Cache\Admin\4b930f83581871872ce087877f1ce0d2.php 第 47 行.
NOTIC: [8] Use of undefined constant cat_id - assumed 'cat_id' C:\xampp\htdocs\NewThink\Runtime\Cache\Admin\4b930f83581871872ce087877f1ce0d2.php 第 46 行.
NOTIC: [8] Use of undefined constant cat_id - assumed 'cat_id' C:\xampp\htdocs\NewThink\Runtime\Cache\Admin\4b930f83581871872ce087877f1ce0d2.php 第 47 行.
NOTIC: [8] Use of undefined constant cat_id - assumed 'cat_id' C:\xampp\htdocs\NewThink\Runtime\Cache\Admin\4b930f83581871872ce087877f1ce0d2.php 第 46 行.
NOTIC: [8] Use of undefined constant cat_id - assumed 'cat_id' C:\xampp\htdocs\NewThink\Runtime\Cache\Admin\4b930f83581871872ce087877f1ce0d2.php 第 47 行.
INFO: Run Behavior\ParseTemplateBehavior [ RunTime:0.031200s ]
INFO: [ view_parse ] --END-- [ RunTime:0.031200s ]
INFO: [ view_filter ] --START--
INFO: Run Behavior\WriteHtmlCacheBehavior [ RunTime:0.000000s ]
INFO: [ view_filter ] --END-- [ RunTime:0.000000s ]
INFO: [ app_end ] --START--
INFO: Run Behavior\ShowPageTraceBehavior [ RunTime:0.000000s ]
INFO: [ app_end ] --END-- [ RunTime:0.000000s ]

[ 2017-03-05T01:00:27+08:00 ] 127.0.0.1 /Newthink/index.php/Admin/Goods/goodsadd
INFO: [ app_init ] --START--
INFO: Run Behavior\BuildLiteBehavior [ RunTime:0.000000s ]
INFO: [ app_init ] --END-- [ RunTime:0.000000s ]
INFO: [ app_begin ] --START--
INFO: Run Behavior\ReadHtmlCacheBehavior [ RunTime:0.000000s ]
INFO: [ app_begin ] --END-- [ RunTime:0.000000s ]
SQL: SHOW COLUMNS FROM `goods` [ RunTime:0.0000s ]
SQL: SHOW COLUMNS FROM `cat` [ RunTime:0.0156s ]
SQL: SELECT * FROM `cat`  [ RunTime:0.0000s ]
INFO: [ view_parse ] --START--
INFO: [ template_filter ] --START--
INFO: Run Behavior\ContentReplaceBehavior [ RunTime:0.000000s ]
INFO: [ template_filter ] --END-- [ RunTime:0.000000s ]
INFO: Run Behavior\ParseTemplateBehavior [ RunTime:0.046800s ]
INFO: [ view_parse ] --END-- [ RunTime:0.046800s ]
INFO: [ view_filter ] --START--
INFO: Run Behavior\WriteHtmlCacheBehavior [ RunTime:0.000000s ]
INFO: [ view_filter ] --END-- [ RunTime:0.000000s ]
INFO: [ app_end ] --START--
INFO: Run Behavior\ShowPageTraceBehavior [ RunTime:0.015600s ]
INFO: [ app_end ] --END-- [ RunTime:0.015600s ]

[ 2017-03-05T01:00:31+08:00 ] 127.0.0.1 /Newthink/index.php/Admin/Goods/goodslist
INFO: [ app_init ] --START--
INFO: Run Behavior\BuildLiteBehavior [ RunTime:0.000000s ]
INFO: [ app_init ] --END-- [ RunTime:0.000000s ]
INFO: [ app_begin ] --START--
INFO: Run Behavior\ReadHtmlCacheBehavior [ RunTime:0.000000s ]
INFO: [ app_begin ] --END-- [ RunTime:0.000000s ]
SQL: SHOW COLUMNS FROM `goods` [ RunTime:0.0000s ]
SQL: SHOW COLUMNS FROM `cat` [ RunTime:0.0000s ]
SQL: SELECT * FROM `cat`  [ RunTime:0.0000s ]
SQL: SELECT COUNT(*) AS tp_count FROM `goods` LIMIT 1   [ RunTime:0.0000s ]
SQL: SELECT * FROM `goods` LIMIT 0,10   [ RunTime:0.0156s ]
INFO: [ view_parse ] --START--
INFO: [ template_filter ] --START--
INFO: Run Behavior\ContentReplaceBehavior [ RunTime:0.000000s ]
INFO: [ template_filter ] --END-- [ RunTime:0.000000s ]
INFO: Run Behavior\ParseTemplateBehavior [ RunTime:0.046800s ]
INFO: [ view_parse ] --END-- [ RunTime:0.046800s ]
INFO: [ view_filter ] --START--
INFO: Run Behavior\WriteHtmlCacheBehavior [ RunTime:0.000000s ]
INFO: [ view_filter ] --END-- [ RunTime:0.000000s ]
INFO: [ app_end ] --START--
INFO: Run Behavior\ShowPageTraceBehavior [ RunTime:0.000000s ]
INFO: [ app_end ] --END-- [ RunTime:0.000000s ]

[ 2017-03-05T01:00:41+08:00 ] 127.0.0.1 /Newthink/index.php/Admin/Goods/goodsadd
INFO: [ app_init ] --START--
INFO: Run Behavior\BuildLiteBehavior [ RunTime:0.000000s ]
INFO: [ app_init ] --END-- [ RunTime:0.000000s ]
INFO: [ app_begin ] --START--
INFO: Run Behavior\ReadHtmlCacheBehavior [ RunTime:0.000000s ]
INFO: [ app_begin ] --END-- [ RunTime:0.000000s ]
SQL: SHOW COLUMNS FROM `goods` [ RunTime:0.0156s ]
SQL: SHOW COLUMNS FROM `cat` [ RunTime:0.0156s ]
SQL: SELECT * FROM `cat`  [ RunTime:0.0000s ]
INFO: [ view_parse ] --START--
INFO: [ template_filter ] --START--
INFO: Run Behavior\ContentReplaceBehavior [ RunTime:0.000000s ]
INFO: [ template_filter ] --END-- [ RunTime:0.000000s ]
INFO: Run Behavior\ParseTemplateBehavior [ RunTime:0.046800s ]
INFO: [ view_parse ] --END-- [ RunTime:0.046800s ]
INFO: [ view_filter ] --START--
INFO: Run Behavior\WriteHtmlCacheBehavior [ RunTime:0.000000s ]
INFO: [ view_filter ] --END-- [ RunTime:0.000000s ]
INFO: [ app_end ] --START--
INFO: Run Behavior\ShowPageTraceBehavior [ RunTime:0.000000s ]
INFO: [ app_end ] --END-- [ RunTime:0.000000s ]

[ 2017-03-05T01:01:40+08:00 ] 127.0.0.1 /Newthink/index.php/Admin/Goods/goodsadd
INFO: [ app_init ] --START--
INFO: Run Behavior\BuildLiteBehavior [ RunTime:0.000000s ]
INFO: [ app_init ] --END-- [ RunTime:0.000000s ]
INFO: [ app_begin ] --START--
INFO: Run Behavior\ReadHtmlCacheBehavior [ RunTime:0.000000s ]
INFO: [ app_begin ] --END-- [ RunTime:0.000000s ]
SQL: SHOW COLUMNS FROM `goods` [ RunTime:0.0156s ]
NOTIC: [8] Undefined index: validate C:\xampp\htdocs\NewThink\ThinkPHP\Library\Think\Model.class.php 第 1185 行.
INFO: [ app_end ] --START--
INFO: Run Behavior\ShowPageTraceBehavior [ RunTime:0.000000s ]
INFO: [ app_end ] --END-- [ RunTime:0.000000s ]

[ 2017-03-05T01:01:46+08:00 ] 127.0.0.1 /Newthink/index.php/Admin/Goods/goodsadd
INFO: [ app_init ] --START--
INFO: Run Behavior\BuildLiteBehavior [ RunTime:0.000000s ]
INFO: [ app_init ] --END-- [ RunTime:0.000000s ]
INFO: [ app_begin ] --START--
INFO: Run Behavior\ReadHtmlCacheBehavior [ RunTime:0.015600s ]
INFO: [ app_begin ] --END-- [ RunTime:0.015600s ]
SQL: SHOW COLUMNS FROM `goods` [ RunTime:0.0000s ]
SQL: SHOW COLUMNS FROM `cat` [ RunTime:0.0156s ]
SQL: SELECT * FROM `cat`  [ RunTime:0.0156s ]
INFO: [ view_parse ] --START--
INFO: [ template_filter ] --START--
INFO: Run Behavior\ContentReplaceBehavior [ RunTime:0.000000s ]
INFO: [ template_filter ] --END-- [ RunTime:0.000000s ]
INFO: Run Behavior\ParseTemplateBehavior [ RunTime:0.031200s ]
INFO: [ view_parse ] --END-- [ RunTime:0.031200s ]
INFO: [ view_filter ] --START--
INFO: Run Behavior\WriteHtmlCacheBehavior [ RunTime:0.000000s ]
INFO: [ view_filter ] --END-- [ RunTime:0.000000s ]
INFO: [ app_end ] --START--
INFO: Run Behavior\ShowPageTraceBehavior [ RunTime:0.000000s ]
INFO: [ app_end ] --END-- [ RunTime:0.000000s ]

[ 2017-03-05T01:02:04+08:00 ] 127.0.0.1 /Newthink/index.php/Admin/Goods/goodsadd
INFO: [ app_init ] --START--
INFO: Run Behavior\BuildLiteBehavior [ RunTime:0.000000s ]
INFO: [ app_init ] --END-- [ RunTime:0.000000s ]
INFO: [ app_begin ] --START--
INFO: Run Behavior\ReadHtmlCacheBehavior [ RunTime:0.000000s ]
INFO: [ app_begin ] --END-- [ RunTime:0.000000s ]
SQL: SHOW COLUMNS FROM `goods` [ RunTime:0.0156s ]
NOTIC: [8] Undefined index: validate C:\xampp\htdocs\NewThink\ThinkPHP\Library\Think\Model.class.php 第 1185 行.
SQL: SELECT * FROM `goods` WHERE `goods_sn` = '12458741' LIMIT 1   [ RunTime:0.0156s ]
SQL: SHOW COLUMNS FROM `cat` [ RunTime:0.0156s ]
SQL: SELECT * FROM `cat`  [ RunTime:0.0000s ]
SQL: SELECT * FROM `cat` WHERE `cat_id` = 18 LIMIT 1   [ RunTime:0.0000s ]
NOTIC: [8] Undefined index: auto C:\xampp\htdocs\NewThink\ThinkPHP\Library\Think\Model.class.php 第 1128 行.
NOTIC: [2] call_user_func() expects parameter 1 to be a valid callback, no array or string given C:\xampp\htdocs\NewThink\ThinkPHP\Library\Think\Upload.class.php 第 170 行.
NOTIC: [8] Undefined variable: x C:\xampp\htdocs\NewThink\ThinkPHP\Library\Think\Image\Driver\Gd.class.php 第 270 行.
NOTIC: [8] Undefined variable: y C:\xampp\htdocs\NewThink\ThinkPHP\Library\Think\Image\Driver\Gd.class.php 第 270 行.
NOTIC: [8] Undefined variable: x C:\xampp\htdocs\NewThink\ThinkPHP\Library\Think\Image\Driver\Gd.class.php 第 270 行.
NOTIC: [8] Undefined variable: y C:\xampp\htdocs\NewThink\ThinkPHP\Library\Think\Image\Driver\Gd.class.php 第 270 行.
SQL: INSERT INTO `goods` (`goods_name`,`goods_sn`,`cat_id`,`shop_price`,`goods_desc`,`goods_weight`,`goods_number`,`is_best`,`goods_id`,`add_time`,`ori_img`,`goods_img`,`thumb_img`) VALUES ('小米手机呵呵','12458741','18','100','小米手机很好用啊','1','1','1','0','1488646923','images/2017-03-05/58baf30ba1be9.JPG','images/2017-03-05/58baf30ba1be9.JPGx230.jpg','images/2017-03-05/58baf30ba1be9.JPGx100.jpg') [ RunTime:0.0156s ]

[ 2017-03-05T01:02:04+08:00 ] 127.0.0.1 /Newthink/index.php/Admin/Goods/goodslist.html
INFO: [ app_init ] --START--
INFO: Run Behavior\BuildLiteBehavior [ RunTime:0.000000s ]
INFO: [ app_init ] --END-- [ RunTime:0.000000s ]
INFO: [ app_begin ] --START--
INFO: Run Behavior\ReadHtmlCacheBehavior [ RunTime:0.000000s ]
INFO: [ app_begin ] --END-- [ RunTime:0.000000s ]
SQL: SHOW COLUMNS FROM `goods` [ RunTime:0.0156s ]
SQL: SHOW COLUMNS FROM `cat` [ RunTime:0.0156s ]
SQL: SELECT * FROM `cat`  [ RunTime:0.0000s ]
SQL: SELECT COUNT(*) AS tp_count FROM `goods` LIMIT 1   [ RunTime:0.0000s ]
SQL: SELECT * FROM `goods` LIMIT 0,10   [ RunTime:0.0000s ]
INFO: [ view_parse ] --START--
INFO: [ template_filter ] --START--
INFO: Run Behavior\ContentReplaceBehavior [ RunTime:0.000000s ]
INFO: [ template_filter ] --END-- [ RunTime:0.000000s ]
INFO: Run Behavior\ParseTemplateBehavior [ RunTime:0.046800s ]
INFO: [ view_parse ] --END-- [ RunTime:0.046800s ]
INFO: [ view_filter ] --START--
INFO: Run Behavior\WriteHtmlCacheBehavior [ RunTime:0.015600s ]
INFO: [ view_filter ] --END-- [ RunTime:0.015600s ]
INFO: [ app_end ] --START--
INFO: Run Behavior\ShowPageTraceBehavior [ RunTime:0.000000s ]
INFO: [ app_end ] --END-- [ RunTime:0.000000s ]

[ 2017-03-05T01:02:09+08:00 ] 127.0.0.1 /Newthink/index.php/Admin/Goods/goodslist/p/4.html
INFO: [ app_init ] --START--
INFO: Run Behavior\BuildLiteBehavior [ RunTime:0.000000s ]
INFO: [ app_init ] --END-- [ RunTime:0.000000s ]
INFO: [ app_begin ] --START--
INFO: Run Behavior\ReadHtmlCacheBehavior [ RunTime:0.015600s ]
INFO: [ app_begin ] --END-- [ RunTime:0.015600s ]
SQL: SHOW COLUMNS FROM `goods` [ RunTime:0.0156s ]
SQL: SHOW COLUMNS FROM `cat` [ RunTime:0.0156s ]
SQL: SELECT * FROM `cat`  [ RunTime:0.0000s ]
SQL: SELECT COUNT(*) AS tp_count FROM `goods` LIMIT 1   [ RunTime:0.0000s ]
SQL: SELECT * FROM `goods` LIMIT 30,10   [ RunTime:0.0000s ]
INFO: [ view_parse ] --START--
INFO: [ template_filter ] --START--
INFO: Run Behavior\ContentReplaceBehavior [ RunTime:0.000000s ]
INFO: [ template_filter ] --END-- [ RunTime:0.000000s ]
INFO: Run Behavior\ParseTemplateBehavior [ RunTime:0.031200s ]
INFO: [ view_parse ] --END-- [ RunTime:0.031200s ]
INFO: [ view_filter ] --START--
INFO: Run Behavior\WriteHtmlCacheBehavior [ RunTime:0.015600s ]
INFO: [ view_filter ] --END-- [ RunTime:0.015600s ]
INFO: [ app_end ] --START--
INFO: Run Behavior\ShowPageTraceBehavior [ RunTime:0.000000s ]
INFO: [ app_end ] --END-- [ RunTime:0.000000s ]

[ 2017-03-05T01:02:18+08:00 ] 127.0.0.1 /Newthink/index.php/Admin/Goods/goodsdel/goods_id/37.html
INFO: [ app_init ] --START--
INFO: Run Behavior\BuildLiteBehavior [ RunTime:0.000000s ]
INFO: [ app_init ] --END-- [ RunTime:0.000000s ]
INFO: [ app_begin ] --START--
INFO: Run Behavior\ReadHtmlCacheBehavior [ RunTime:0.000000s ]
INFO: [ app_begin ] --END-- [ RunTime:0.000000s ]
SQL: SHOW COLUMNS FROM `goods` [ RunTime:0.0156s ]
SQL: DELETE FROM `goods` WHERE `goods_id` = 37 [ RunTime:0.0624s ]

[ 2017-03-05T01:02:19+08:00 ] 127.0.0.1 /Newthink/index.php/Admin/Goods/goodslist.html
INFO: [ app_init ] --START--
INFO: Run Behavior\BuildLiteBehavior [ RunTime:0.000000s ]
INFO: [ app_init ] --END-- [ RunTime:0.015600s ]
INFO: [ app_begin ] --START--
INFO: Run Behavior\ReadHtmlCacheBehavior [ RunTime:0.000000s ]
INFO: [ app_begin ] --END-- [ RunTime:0.000000s ]
SQL: SHOW COLUMNS FROM `goods` [ RunTime:0.0000s ]
SQL: SHOW COLUMNS FROM `cat` [ RunTime:0.0000s ]
SQL: SELECT * FROM `cat`  [ RunTime:0.0000s ]
SQL: SELECT COUNT(*) AS tp_count FROM `goods` LIMIT 1   [ RunTime:0.0000s ]
SQL: SELECT * FROM `goods` LIMIT 0,10   [ RunTime:0.0000s ]
INFO: [ view_parse ] --START--
INFO: [ template_filter ] --START--
INFO: Run Behavior\ContentReplaceBehavior [ RunTime:0.000000s ]
INFO: [ template_filter ] --END-- [ RunTime:0.000000s ]
INFO: Run Behavior\ParseTemplateBehavior [ RunTime:0.046800s ]
INFO: [ view_parse ] --END-- [ RunTime:0.046800s ]
INFO: [ view_filter ] --START--
INFO: Run Behavior\WriteHtmlCacheBehavior [ RunTime:0.000000s ]
INFO: [ view_filter ] --END-- [ RunTime:0.000000s ]
INFO: [ app_end ] --START--
INFO: Run Behavior\ShowPageTraceBehavior [ RunTime:0.000000s ]
INFO: [ app_end ] --END-- [ RunTime:0.000000s ]

[ 2017-03-05T01:02:22+08:00 ] 127.0.0.1 /Newthink/index.php/Admin/Goods/goodslist/p/4.html
INFO: [ app_init ] --START--
INFO: Run Behavior\BuildLiteBehavior [ RunTime:0.000000s ]
INFO: [ app_init ] --END-- [ RunTime:0.000000s ]
INFO: [ app_begin ] --START--
INFO: Run Behavior\ReadHtmlCacheBehavior [ RunTime:0.000000s ]
INFO: [ app_begin ] --END-- [ RunTime:0.000000s ]
SQL: SHOW COLUMNS FROM `goods` [ RunTime:0.0156s ]
SQL: SHOW COLUMNS FROM `cat` [ RunTime:0.0000s ]
SQL: SELECT * FROM `cat`  [ RunTime:0.0000s ]
SQL: SELECT COUNT(*) AS tp_count FROM `goods` LIMIT 1   [ RunTime:0.0000s ]
SQL: SELECT * FROM `goods` LIMIT 30,10   [ RunTime:0.0000s ]
INFO: [ view_parse ] --START--
INFO: [ template_filter ] --START--
INFO: Run Behavior\ContentReplaceBehavior [ RunTime:0.000000s ]
INFO: [ template_filter ] --END-- [ RunTime:0.000000s ]
INFO: Run Behavior\ParseTemplateBehavior [ RunTime:0.046800s ]
INFO: [ view_parse ] --END-- [ RunTime:0.046800s ]
INFO: [ view_filter ] --START--
INFO: Run Behavior\WriteHtmlCacheBehavior [ RunTime:0.000000s ]
INFO: [ view_filter ] --END-- [ RunTime:0.000000s ]
INFO: [ app_end ] --START--
INFO: Run Behavior\ShowPageTraceBehavior [ RunTime:0.000000s ]
INFO: [ app_end ] --END-- [ RunTime:0.000000s ]

[ 2017-03-05T01:02:51+08:00 ] 127.0.0.1 /Newthink/index.php/Admin/Goods/goodslist
INFO: [ app_init ] --START--
INFO: Run Behavior\BuildLiteBehavior [ RunTime:0.000000s ]
INFO: [ app_init ] --END-- [ RunTime:0.000000s ]
INFO: [ app_begin ] --START--
INFO: Run Behavior\ReadHtmlCacheBehavior [ RunTime:0.000000s ]
INFO: [ app_begin ] --END-- [ RunTime:0.000000s ]
SQL: SHOW COLUMNS FROM `goods` [ RunTime:0.0156s ]
SQL: SHOW COLUMNS FROM `cat` [ RunTime:0.0156s ]
SQL: SELECT * FROM `cat`  [ RunTime:0.0000s ]
SQL: SELECT COUNT(*) AS tp_count FROM `goods` LIMIT 1   [ RunTime:0.0000s ]
SQL: SELECT * FROM `goods` LIMIT 0,10   [ RunTime:0.0000s ]
INFO: [ view_parse ] --START--
INFO: [ template_filter ] --START--
INFO: Run Behavior\ContentReplaceBehavior [ RunTime:0.000000s ]
INFO: [ template_filter ] --END-- [ RunTime:0.000000s ]
INFO: Run Behavior\ParseTemplateBehavior [ RunTime:0.046801s ]
INFO: [ view_parse ] --END-- [ RunTime:0.046801s ]
INFO: [ view_filter ] --START--
INFO: Run Behavior\WriteHtmlCacheBehavior [ RunTime:0.000000s ]
INFO: [ view_filter ] --END-- [ RunTime:0.000000s ]
INFO: [ app_end ] --START--
INFO: Run Behavior\ShowPageTraceBehavior [ RunTime:0.015600s ]
INFO: [ app_end ] --END-- [ RunTime:0.015600s ]

[ 2017-03-05T01:02:59+08:00 ] 127.0.0.1 /Newthink/index.php/Admin/Goods/goodsadd
INFO: [ app_init ] --START--
INFO: Run Behavior\BuildLiteBehavior [ RunTime:0.000000s ]
INFO: [ app_init ] --END-- [ RunTime:0.000000s ]
INFO: [ app_begin ] --START--
INFO: Run Behavior\ReadHtmlCacheBehavior [ RunTime:0.000000s ]
INFO: [ app_begin ] --END-- [ RunTime:0.000000s ]
SQL: SHOW COLUMNS FROM `goods` [ RunTime:0.0156s ]
SQL: SHOW COLUMNS FROM `cat` [ RunTime:0.0156s ]
SQL: SELECT * FROM `cat`  [ RunTime:0.0000s ]
INFO: [ view_parse ] --START--
INFO: [ template_filter ] --START--
INFO: Run Behavior\ContentReplaceBehavior [ RunTime:0.000000s ]
INFO: [ template_filter ] --END-- [ RunTime:0.000000s ]
INFO: Run Behavior\ParseTemplateBehavior [ RunTime:0.046800s ]
INFO: [ view_parse ] --END-- [ RunTime:0.046800s ]
INFO: [ view_filter ] --START--
INFO: Run Behavior\WriteHtmlCacheBehavior [ RunTime:0.000000s ]
INFO: [ view_filter ] --END-- [ RunTime:0.000000s ]
INFO: [ app_end ] --START--
INFO: Run Behavior\ShowPageTraceBehavior [ RunTime:0.000000s ]
INFO: [ app_end ] --END-- [ RunTime:0.000000s ]

[ 2017-03-05T01:03:10+08:00 ] 127.0.0.1 /Newthink/index.php/Admin/Goods/goodslist
INFO: [ app_init ] --START--
INFO: Run Behavior\BuildLiteBehavior [ RunTime:0.000000s ]
INFO: [ app_init ] --END-- [ RunTime:0.000000s ]
INFO: [ app_begin ] --START--
INFO: Run Behavior\ReadHtmlCacheBehavior [ RunTime:0.000000s ]
INFO: [ app_begin ] --END-- [ RunTime:0.000000s ]
SQL: SHOW COLUMNS FROM `goods` [ RunTime:0.0156s ]
SQL: SHOW COLUMNS FROM `cat` [ RunTime:0.0000s ]
SQL: SELECT * FROM `cat`  [ RunTime:0.0000s ]
SQL: SELECT COUNT(*) AS tp_count FROM `goods` LIMIT 1   [ RunTime:0.0000s ]
SQL: SELECT * FROM `goods` LIMIT 0,10   [ RunTime:0.0156s ]
INFO: [ view_parse ] --START--
INFO: [ template_filter ] --START--
INFO: Run Behavior\ContentReplaceBehavior [ RunTime:0.000000s ]
INFO: [ template_filter ] --END-- [ RunTime:0.000000s ]
INFO: Run Behavior\ParseTemplateBehavior [ RunTime:0.046800s ]
INFO: [ view_parse ] --END-- [ RunTime:0.046800s ]
INFO: [ view_filter ] --START--
INFO: Run Behavior\WriteHtmlCacheBehavior [ RunTime:0.000000s ]
INFO: [ view_filter ] --END-- [ RunTime:0.000000s ]
INFO: [ app_end ] --START--
INFO: Run Behavior\ShowPageTraceBehavior [ RunTime:0.000000s ]
INFO: [ app_end ] --END-- [ RunTime:0.000000s ]

[ 2017-03-05T01:03:13+08:00 ] 127.0.0.1 /Newthink/index.php/Admin/Goods/goodsedit/goods_id/4.html
INFO: [ app_init ] --START--
INFO: Run Behavior\BuildLiteBehavior [ RunTime:0.000000s ]
INFO: [ app_init ] --END-- [ RunTime:0.000000s ]
INFO: [ app_begin ] --START--
INFO: Run Behavior\ReadHtmlCacheBehavior [ RunTime:0.000000s ]
INFO: [ app_begin ] --END-- [ RunTime:0.000000s ]
SQL: SHOW COLUMNS FROM `goods` [ RunTime:0.0156s ]
SQL: SELECT * FROM `goods` WHERE `goods_id` = 4 LIMIT 1   [ RunTime:0.0000s ]
SQL: SHOW COLUMNS FROM `cat` [ RunTime:0.0000s ]
SQL: SELECT * FROM `cat`  [ RunTime:0.0000s ]
INFO: [ view_parse ] --START--
INFO: [ template_filter ] --START--
INFO: Run Behavior\ContentReplaceBehavior [ RunTime:0.000000s ]
INFO: [ template_filter ] --END-- [ RunTime:0.000000s ]
INFO: Run Behavior\ParseTemplateBehavior [ RunTime:0.046800s ]
INFO: [ view_parse ] --END-- [ RunTime:0.046800s ]
INFO: [ view_filter ] --START--
INFO: Run Behavior\WriteHtmlCacheBehavior [ RunTime:0.000000s ]
INFO: [ view_filter ] --END-- [ RunTime:0.000000s ]
INFO: [ app_end ] --START--
INFO: Run Behavior\ShowPageTraceBehavior [ RunTime:0.000000s ]
INFO: [ app_end ] --END-- [ RunTime:0.000000s ]

[ 2017-03-05T01:03:32+08:00 ] 127.0.0.1 /Newthink/index.php/Admin/Cat/cateadd
INFO: [ app_init ] --START--
INFO: Run Behavior\BuildLiteBehavior [ RunTime:0.000000s ]
INFO: [ app_init ] --END-- [ RunTime:0.000000s ]
INFO: [ app_begin ] --START--
INFO: Run Behavior\ReadHtmlCacheBehavior [ RunTime:0.000000s ]
INFO: [ app_begin ] --END-- [ RunTime:0.000000s ]
SQL: SHOW COLUMNS FROM `cat` [ RunTime:0.0000s ]
SQL: SELECT * FROM `cat`  [ RunTime:0.0000s ]
INFO: [ view_parse ] --START--
INFO: [ template_filter ] --START--
INFO: Run Behavior\ContentReplaceBehavior [ RunTime:0.000000s ]
INFO: [ template_filter ] --END-- [ RunTime:0.000000s ]
INFO: Run Behavior\ParseTemplateBehavior [ RunTime:0.031200s ]
INFO: [ view_parse ] --END-- [ RunTime:0.031200s ]
INFO: [ view_filter ] --START--
INFO: Run Behavior\WriteHtmlCacheBehavior [ RunTime:0.000000s ]
INFO: [ view_filter ] --END-- [ RunTime:0.000000s ]
INFO: [ app_end ] --START--
INFO: Run Behavior\ShowPageTraceBehavior [ RunTime:0.000000s ]
INFO: [ app_end ] --END-- [ RunTime:0.000000s ]

[ 2017-03-05T01:03:37+08:00 ] 127.0.0.1 /Newthink/index.php/Admin/Cat/catelist
INFO: [ app_init ] --START--
INFO: Run Behavior\BuildLiteBehavior [ RunTime:0.000000s ]
INFO: [ app_init ] --END-- [ RunTime:0.000000s ]
INFO: [ app_begin ] --START--
INFO: Run Behavior\ReadHtmlCacheBehavior [ RunTime:0.000000s ]
INFO: [ app_begin ] --END-- [ RunTime:0.000000s ]
SQL: SHOW COLUMNS FROM `cat` [ RunTime:0.0000s ]
SQL: SELECT * FROM `cat`  [ RunTime:0.0000s ]
INFO: [ view_parse ] --START--
INFO: [ template_filter ] --START--
INFO: Run Behavior\ContentReplaceBehavior [ RunTime:0.000000s ]
INFO: [ template_filter ] --END-- [ RunTime:0.000000s ]
NOTIC: [8] Use of undefined constant cat_id - assumed 'cat_id' C:\xampp\htdocs\NewThink\Runtime\Cache\Admin\4b930f83581871872ce087877f1ce0d2.php 第 46 行.
NOTIC: [8] Use of undefined constant cat_id - assumed 'cat_id' C:\xampp\htdocs\NewThink\Runtime\Cache\Admin\4b930f83581871872ce087877f1ce0d2.php 第 47 行.
NOTIC: [8] Use of undefined constant cat_id - assumed 'cat_id' C:\xampp\htdocs\NewThink\Runtime\Cache\Admin\4b930f83581871872ce087877f1ce0d2.php 第 46 行.
NOTIC: [8] Use of undefined constant cat_id - assumed 'cat_id' C:\xampp\htdocs\NewThink\Runtime\Cache\Admin\4b930f83581871872ce087877f1ce0d2.php 第 47 行.
NOTIC: [8] Use of undefined constant cat_id - assumed 'cat_id' C:\xampp\htdocs\NewThink\Runtime\Cache\Admin\4b930f83581871872ce087877f1ce0d2.php 第 46 行.
NOTIC: [8] Use of undefined constant cat_id - assumed 'cat_id' C:\xampp\htdocs\NewThink\Runtime\Cache\Admin\4b930f83581871872ce087877f1ce0d2.php 第 47 行.
NOTIC: [8] Use of undefined constant cat_id - assumed 'cat_id' C:\xampp\htdocs\NewThink\Runtime\Cache\Admin\4b930f83581871872ce087877f1ce0d2.php 第 46 行.
NOTIC: [8] Use of undefined constant cat_id - assumed 'cat_id' C:\xampp\htdocs\NewThink\Runtime\Cache\Admin\4b930f83581871872ce087877f1ce0d2.php 第 47 行.
NOTIC: [8] Use of undefined constant cat_id - assumed 'cat_id' C:\xampp\htdocs\NewThink\Runtime\Cache\Admin\4b930f83581871872ce087877f1ce0d2.php 第 46 行.
NOTIC: [8] Use of undefined constant cat_id - assumed 'cat_id' C:\xampp\htdocs\NewThink\Runtime\Cache\Admin\4b930f83581871872ce087877f1ce0d2.php 第 47 行.
NOTIC: [8] Use of undefined constant cat_id - assumed 'cat_id' C:\xampp\htdocs\NewThink\Runtime\Cache\Admin\4b930f83581871872ce087877f1ce0d2.php 第 46 行.
NOTIC: [8] Use of undefined constant cat_id - assumed 'cat_id' C:\xampp\htdocs\NewThink\Runtime\Cache\Admin\4b930f83581871872ce087877f1ce0d2.php 第 47 行.
NOTIC: [8] Use of undefined constant cat_id - assumed 'cat_id' C:\xampp\htdocs\NewThink\Runtime\Cache\Admin\4b930f83581871872ce087877f1ce0d2.php 第 46 行.
NOTIC: [8] Use of undefined constant cat_id - assumed 'cat_id' C:\xampp\htdocs\NewThink\Runtime\Cache\Admin\4b930f83581871872ce087877f1ce0d2.php 第 47 行.
NOTIC: [8] Use of undefined constant cat_id - assumed 'cat_id' C:\xampp\htdocs\NewThink\Runtime\Cache\Admin\4b930f83581871872ce087877f1ce0d2.php 第 46 行.
NOTIC: [8] Use of undefined constant cat_id - assumed 'cat_id' C:\xampp\htdocs\NewThink\Runtime\Cache\Admin\4b930f83581871872ce087877f1ce0d2.php 第 47 行.
NOTIC: [8] Use of undefined constant cat_id - assumed 'cat_id' C:\xampp\htdocs\NewThink\Runtime\Cache\Admin\4b930f83581871872ce087877f1ce0d2.php 第 46 行.
NOTIC: [8] Use of undefined constant cat_id - assumed 'cat_id' C:\xampp\htdocs\NewThink\Runtime\Cache\Admin\4b930f83581871872ce087877f1ce0d2.php 第 47 行.
NOTIC: [8] Use of undefined constant cat_id - assumed 'cat_id' C:\xampp\htdocs\NewThink\Runtime\Cache\Admin\4b930f83581871872ce087877f1ce0d2.php 第 46 行.
NOTIC: [8] Use of undefined constant cat_id - assumed 'cat_id' C:\xampp\htdocs\NewThink\Runtime\Cache\Admin\4b930f83581871872ce087877f1ce0d2.php 第 47 行.
NOTIC: [8] Use of undefined constant cat_id - assumed 'cat_id' C:\xampp\htdocs\NewThink\Runtime\Cache\Admin\4b930f83581871872ce087877f1ce0d2.php 第 46 行.
NOTIC: [8] Use of undefined constant cat_id - assumed 'cat_id' C:\xampp\htdocs\NewThink\Runtime\Cache\Admin\4b930f83581871872ce087877f1ce0d2.php 第 47 行.
NOTIC: [8] Use of undefined constant cat_id - assumed 'cat_id' C:\xampp\htdocs\NewThink\Runtime\Cache\Admin\4b930f83581871872ce087877f1ce0d2.php 第 46 行.
NOTIC: [8] Use of undefined constant cat_id - assumed 'cat_id' C:\xampp\htdocs\NewThink\Runtime\Cache\Admin\4b930f83581871872ce087877f1ce0d2.php 第 47 行.
NOTIC: [8] Use of undefined constant cat_id - assumed 'cat_id' C:\xampp\htdocs\NewThink\Runtime\Cache\Admin\4b930f83581871872ce087877f1ce0d2.php 第 46 行.
NOTIC: [8] Use of undefined constant cat_id - assumed 'cat_id' C:\xampp\htdocs\NewThink\Runtime\Cache\Admin\4b930f83581871872ce087877f1ce0d2.php 第 47 行.
NOTIC: [8] Use of undefined constant cat_id - assumed 'cat_id' C:\xampp\htdocs\NewThink\Runtime\Cache\Admin\4b930f83581871872ce087877f1ce0d2.php 第 46 行.
NOTIC: [8] Use of undefined constant cat_id - assumed 'cat_id' C:\xampp\htdocs\NewThink\Runtime\Cache\Admin\4b930f83581871872ce087877f1ce0d2.php 第 47 行.
NOTIC: [8] Use of undefined constant cat_id - assumed 'cat_id' C:\xampp\htdocs\NewThink\Runtime\Cache\Admin\4b930f83581871872ce087877f1ce0d2.php 第 46 行.
NOTIC: [8] Use of undefined constant cat_id - assumed 'cat_id' C:\xampp\htdocs\NewThink\Runtime\Cache\Admin\4b930f83581871872ce087877f1ce0d2.php 第 47 行.
NOTIC: [8] Use of undefined constant cat_id - assumed 'cat_id' C:\xampp\htdocs\NewThink\Runtime\Cache\Admin\4b930f83581871872ce087877f1ce0d2.php 第 46 行.
NOTIC: [8] Use of undefined constant cat_id - assumed 'cat_id' C:\xampp\htdocs\NewThink\Runtime\Cache\Admin\4b930f83581871872ce087877f1ce0d2.php 第 47 行.
INFO: Run Behavior\ParseTemplateBehavior [ RunTime:0.046800s ]
INFO: [ view_parse ] --END-- [ RunTime:0.046800s ]
INFO: [ view_filter ] --START--
INFO: Run Behavior\WriteHtmlCacheBehavior [ RunTime:0.000000s ]
INFO: [ view_filter ] --END-- [ RunTime:0.000000s ]
INFO: [ app_end ] --START--
INFO: Run Behavior\ShowPageTraceBehavior [ RunTime:0.000000s ]
INFO: [ app_end ] --END-- [ RunTime:0.000000s ]

[ 2017-03-05T01:03:51+08:00 ] 127.0.0.1 /Newthink/index.php/Admin/Cat/cateadd.html
INFO: [ app_init ] --START--
INFO: Run Behavior\BuildLiteBehavior [ RunTime:0.000000s ]
INFO: [ app_init ] --END-- [ RunTime:0.015600s ]
INFO: [ app_begin ] --START--
INFO: Run Behavior\ReadHtmlCacheBehavior [ RunTime:0.000000s ]
INFO: [ app_begin ] --END-- [ RunTime:0.000000s ]
SQL: SHOW COLUMNS FROM `cat` [ RunTime:0.0156s ]
SQL: SELECT * FROM `cat`  [ RunTime:0.0000s ]
INFO: [ view_parse ] --START--
INFO: [ template_filter ] --START--
INFO: Run Behavior\ContentReplaceBehavior [ RunTime:0.000000s ]
INFO: [ template_filter ] --END-- [ RunTime:0.000000s ]
INFO: Run Behavior\ParseTemplateBehavior [ RunTime:0.031200s ]
INFO: [ view_parse ] --END-- [ RunTime:0.031200s ]
INFO: [ view_filter ] --START--
INFO: Run Behavior\WriteHtmlCacheBehavior [ RunTime:0.000000s ]
INFO: [ view_filter ] --END-- [ RunTime:0.000000s ]
INFO: [ app_end ] --START--
INFO: Run Behavior\ShowPageTraceBehavior [ RunTime:0.000000s ]
INFO: [ app_end ] --END-- [ RunTime:0.015600s ]

